============================= test session starts ==============================
platform linux -- Python 3.12.14, pytest-9.1.1, pluggy-1.6.0
Fugue tests will be initialized with options:
rootdir: /tmp/pantheon-worker-worktrees/pantheon/odp-modelready-a4-remediation-001
configfile: pyproject.toml
plugins: xdist-3.8.0, anyio-4.13.0, fugue-0.9.7
collected 30 items

modules/learninghub/tests/test_learninghub_production_runtime.py ......  [ 20%]
tests/integration/test_learninghub_dataset_snapshot_api.py .......       [ 43%]
tests/data/test_pit_snapshot.py .................                        [100%]

=============================== warnings summary ===============================
.venv/lib/python3.12/site-packages/fastapi/testclient.py:1
  /tmp/pantheon-worker-worktrees/pantheon/odp-modelready-a4-remediation-001/.venv/lib/python3.12/site-packages/fastapi/testclient.py:1: StarletteDeprecationWarning: Using `httpx` with `starlette.testclient` is deprecated; install `httpx2` instead.
    from starlette.testclient import TestClient as TestClient  # noqa

tests/integration/test_learninghub_dataset_snapshot_api.py::test_http_dataset_snapshot_reaches_blocked_feature_gate
tests/integration/test_learninghub_dataset_snapshot_api.py::test_http_dataset_snapshot_rejects_missing_data_quality_score
tests/integration/test_learninghub_dataset_snapshot_api.py::test_http_dataset_snapshot_rejects_missing_confidence
tests/integration/test_learninghub_dataset_snapshot_api.py::test_http_dataset_snapshot_rejects_explicit_null_quality_fields
tests/integration/test_learninghub_dataset_snapshot_api.py::test_http_dataset_snapshot_rejects_mixed_valid_and_missing_rows_without_partial_write
  /tmp/pantheon-worker-worktrees/pantheon/odp-modelready-a4-remediation-001/.venv/lib/python3.12/site-packages/anyio/_backends/_asyncio.py:1002: StarletteDeprecationWarning: 'HTTP_422_UNPROCESSABLE_ENTITY' is deprecated. Use 'HTTP_422_UNPROCESSABLE_CONTENT' instead.
    result = context.run(func, *args)

-- Docs: https://docs.pytest.org/en/stable/how-to/capture-warnings.html
======================= 30 passed, 6 warnings in 22.98s ========================
