<?xml version="1.0" encoding="utf-8"?><testsuites name="pytest tests"><testsuite name="pytest" errors="0" failures="0" skipped="0" tests="171" time="151.125" timestamp="2026-09-08T02:43:09.936506+00:00" hostname="oday-dev-box.c.alfaloop-data-project-2.internal"><testcase classname="tests.models.test_evidently_monitor_baseline" name="test_manifest_pins_reference_and_candidate_numerical_stack" time="0.125" /><testcase classname="tests.models.test_evidently_monitor_baseline" name="test_fixture_files_match_the_hashes_recorded_in_the_manifest" time="0.005" /><testcase classname="tests.models.test_evidently_monitor_baseline" name="test_manifest_covers_exactly_the_declared_cases" time="0.001" /><testcase classname="tests.models.test_evidently_monitor_baseline" name="test_recorded_inputs_still_describe_the_live_fixtures[numeric_ks_stable]" time="0.005" /><testcase classname="tests.models.test_evidently_monitor_baseline" name="test_recorded_inputs_still_describe_the_live_fixtures[numeric_ks_drifted]" time="0.004" /><testcase classname="tests.models.test_evidently_monitor_baseline" name="test_recorded_inputs_still_describe_the_live_fixtures[numeric_merged_unique_2_ztest]" time="0.004" /><testcase classname="tests.models.test_evidently_monitor_baseline" name="test_recorded_inputs_still_describe_the_live_fixtures[numeric_merged_unique_3_chisquare]" time="0.004" /><testcase classname="tests.models.test_evidently_monitor_baseline" name="test_recorded_inputs_still_describe_the_live_fixtures[numeric_merged_unique_5_chisquare]" time="0.004" /><testcase classname="tests.models.test_evidently_monitor_baseline" name="test_recorded_inputs_still_describe_the_live_fixtures[numeric_merged_unique_6_ks]" time="0.004" /><testcase classname="tests.models.test_evidently_monitor_baseline" name="test_recorded_inputs_still_describe_the_live_fixtures[numeric_reference_n_1000_ks]" time="0.005" /><testcase classname="tests.models.test_evidently_monitor_baseline" name="test_recorded_inputs_still_describe_the_live_fixtures[numeric_reference_n_1001_wasserstein]" time="0.007" /><testcase classname="tests.models.test_evidently_monitor_baseline" name="test_recorded_inputs_still_describe_the_live_fixtures[numeric_reference_n_1001_jensenshannon]" time="0.006" /><testcase classname="tests.models.test_evidently_monitor_baseline" name="test_recorded_inputs_still_describe_the_live_fixtures[numeric_nan_cleaned_to_1000_ks]" time="0.006" /><testcase classname="tests.models.test_evidently_monitor_baseline" name="test_recorded_inputs_still_describe_the_live_fixtures[numeric_nan_cleaned_to_1001_wasserstein]" time="0.006" /><testcase classname="tests.models.test_evidently_monitor_baseline" name="test_recorded_inputs_still_describe_the_live_fixtures[numeric_infinity_cleaned_to_1001_wasserstein]" time="0.007" /><testcase classname="tests.models.test_evidently_monitor_baseline" name="test_recorded_inputs_still_describe_the_live_fixtures[numeric_constant_stable_ztest]" time="0.004" /><testcase classname="tests.models.test_evidently_monitor_baseline" name="test_recorded_inputs_still_describe_the_live_fixtures[numeric_constant_shifted_ztest]" time="0.005" /><testcase classname="tests.models.test_evidently_monitor_baseline" name="test_recorded_inputs_still_describe_the_live_fixtures[categorical_merged_unique_2_ztest]" time="0.005" /><testcase classname="tests.models.test_evidently_monitor_baseline" name="test_recorded_inputs_still_describe_the_live_fixtures[categorical_merged_unique_3_chisquare]" time="0.004" /><testcase classname="tests.models.test_evidently_monitor_baseline" name="test_recorded_inputs_still_describe_the_live_fixtures[categorical_reference_n_1001_jensenshannon]" time="0.006" /><testcase classname="tests.models.test_evidently_monitor_baseline" name="test_recorded_inputs_still_describe_the_live_fixtures[categorical_new_label_chisquare]" time="0.004" /><testcase classname="tests.models.test_evidently_monitor_baseline" name="test_recorded_inputs_still_describe_the_live_fixtures[mixed_share_meets_threshold]" time="0.006" /><testcase classname="tests.models.test_evidently_monitor_baseline" name="test_recorded_inputs_still_describe_the_live_fixtures[mixed_share_below_threshold]" time="0.005" /><testcase classname="tests.models.test_evidently_monitor_baseline" name="test_recorded_inputs_still_describe_the_live_fixtures[numeric_gaussian_stable_ks]" time="0.004" /><testcase classname="tests.models.test_evidently_monitor_baseline" name="test_recorded_inputs_still_describe_the_live_fixtures[numeric_gaussian_drifted_ks]" time="0.005" /><testcase classname="tests.models.test_evidently_monitor_baseline" name="test_recorded_inputs_still_describe_the_live_fixtures[text_percentile_stable]" time="0.005" /><testcase classname="tests.models.test_evidently_monitor_baseline" name="test_recorded_inputs_still_describe_the_live_fixtures[text_percentile_drifted]" time="0.004" /><testcase classname="tests.models.test_evidently_monitor_baseline" name="test_recorded_inputs_still_describe_the_live_fixtures[text_absolute_drifted]" time="0.008" /><testcase classname="tests.models.test_evidently_monitor_baseline" name="test_recorded_inputs_still_describe_the_live_fixtures[failure_run_empty_reference_rows]" time="0.001" /><testcase classname="tests.models.test_evidently_monitor_baseline" name="test_recorded_inputs_still_describe_the_live_fixtures[failure_run_column_set_mismatch]" time="0.002" /><testcase classname="tests.models.test_evidently_monitor_baseline" name="test_recorded_inputs_still_describe_the_live_fixtures[failure_run_all_values_missing]" time="0.004" /><testcase classname="tests.models.test_evidently_monitor_baseline" name="test_recorded_inputs_still_describe_the_live_fixtures[prediction_numeric_stable]" time="0.004" /><testcase classname="tests.models.test_evidently_monitor_baseline" name="test_recorded_inputs_still_describe_the_live_fixtures[prediction_numeric_drifted]" time="0.005" /><testcase classname="tests.models.test_evidently_monitor_baseline" name="test_recorded_inputs_still_describe_the_live_fixtures[prediction_categorical_stable]" time="0.005" /><testcase classname="tests.models.test_evidently_monitor_baseline" name="test_recorded_inputs_still_describe_the_live_fixtures[prediction_categorical_new_class_drifted]" time="0.006" /><testcase classname="tests.models.test_evidently_monitor_baseline" name="test_recorded_inputs_still_describe_the_live_fixtures[prediction_mixed_output_types]" time="0.006" /><testcase classname="tests.models.test_evidently_monitor_baseline" name="test_recorded_inputs_still_describe_the_live_fixtures[prediction_inferred_output_types]" time="0.006" /><testcase classname="tests.models.test_evidently_monitor_baseline" name="test_recorded_inputs_still_describe_the_live_fixtures[prediction_policy_threshold_only]" time="0.006" /><testcase classname="tests.models.test_evidently_monitor_baseline" name="test_recorded_inputs_still_describe_the_live_fixtures[prediction_requested_threshold_tightens_policy]" time="0.007" /><testcase classname="tests.models.test_evidently_monitor_baseline" name="test_recorded_inputs_still_describe_the_live_fixtures[failure_prediction_requested_threshold_weakens_policy]" time="0.005" /><testcase classname="tests.models.test_evidently_monitor_baseline" name="test_recorded_inputs_still_describe_the_live_fixtures[failure_prediction_no_policy_and_no_threshold]" time="0.005" /><testcase classname="tests.models.test_evidently_monitor_baseline" name="test_recorded_inputs_still_describe_the_live_fixtures[failure_prediction_reference_cohort_mismatch]" time="0.004" /><testcase classname="tests.models.test_evidently_monitor_baseline" name="test_recorded_inputs_still_describe_the_live_fixtures[failure_prediction_non_finite_output]" time="0.004" /><testcase classname="tests.models.test_evidently_monitor_baseline" name="test_recorded_inputs_still_describe_the_live_fixtures[failure_prediction_missing_output_value]" time="0.004" /><testcase classname="tests.models.test_evidently_monitor_baseline" name="test_recorded_inputs_still_describe_the_live_fixtures[failure_prediction_identical_snapshot_ids]" time="0.004" /><testcase classname="tests.models.test_evidently_monitor_baseline" name="test_recorded_inputs_still_describe_the_live_fixtures[failure_prediction_output_types_do_not_cover_columns]" time="0.005" /><testcase classname="tests.models.test_evidently_monitor_baseline" name="test_recorded_inputs_still_describe_the_live_fixtures[failure_prediction_duplicate_columns]" time="0.003" /><testcase classname="tests.models.test_evidently_monitor_baseline" name="test_normalization_policy_is_recorded_and_narrow" time="0.001" /><testcase classname="tests.models.test_evidently_monitor_baseline" name="test_case_reproduces_the_recorded_baseline[numeric_ks_stable]" time="4.413" /><testcase classname="tests.models.test_evidently_monitor_baseline" name="test_case_reproduces_the_recorded_baseline[numeric_ks_drifted]" time="4.473" /><testcase classname="tests.models.test_evidently_monitor_baseline" name="test_case_reproduces_the_recorded_baseline[numeric_merged_unique_2_ztest]" time="3.818" /><testcase classname="tests.models.test_evidently_monitor_baseline" name="test_case_reproduces_the_recorded_baseline[numeric_merged_unique_3_chisquare]" time="3.831" /><testcase classname="tests.models.test_evidently_monitor_baseline" name="test_case_reproduces_the_recorded_baseline[numeric_merged_unique_5_chisquare]" time="3.982" /><testcase classname="tests.models.test_evidently_monitor_baseline" name="test_case_reproduces_the_recorded_baseline[numeric_merged_unique_6_ks]" time="3.842" /><testcase classname="tests.models.test_evidently_monitor_baseline" name="test_case_reproduces_the_recorded_baseline[numeric_reference_n_1000_ks]" time="3.645" /><testcase classname="tests.models.test_evidently_monitor_baseline" name="test_case_reproduces_the_recorded_baseline[numeric_reference_n_1001_wasserstein]" time="3.785" /><testcase classname="tests.models.test_evidently_monitor_baseline" name="test_case_reproduces_the_recorded_baseline[numeric_reference_n_1001_jensenshannon]" time="3.736" /><testcase classname="tests.models.test_evidently_monitor_baseline" name="test_case_reproduces_the_recorded_baseline[numeric_nan_cleaned_to_1000_ks]" time="4.401" /><testcase classname="tests.models.test_evidently_monitor_baseline" name="test_case_reproduces_the_recorded_baseline[numeric_nan_cleaned_to_1001_wasserstein]" time="3.706" /><testcase classname="tests.models.test_evidently_monitor_baseline" name="test_case_reproduces_the_recorded_baseline[numeric_infinity_cleaned_to_1001_wasserstein]" time="3.543" /><testcase classname="tests.models.test_evidently_monitor_baseline" name="test_case_reproduces_the_recorded_baseline[numeric_constant_stable_ztest]" time="3.838" /><testcase classname="tests.models.test_evidently_monitor_baseline" name="test_case_reproduces_the_recorded_baseline[numeric_constant_shifted_ztest]" time="3.560" /><testcase classname="tests.models.test_evidently_monitor_baseline" name="test_case_reproduces_the_recorded_baseline[categorical_merged_unique_2_ztest]" time="3.752" /><testcase classname="tests.models.test_evidently_monitor_baseline" name="test_case_reproduces_the_recorded_baseline[categorical_merged_unique_3_chisquare]" time="3.755" /><testcase classname="tests.models.test_evidently_monitor_baseline" name="test_case_reproduces_the_recorded_baseline[categorical_reference_n_1001_jensenshannon]" time="3.603" /><testcase classname="tests.models.test_evidently_monitor_baseline" name="test_case_reproduces_the_recorded_baseline[categorical_new_label_chisquare]" time="3.728" /><testcase classname="tests.models.test_evidently_monitor_baseline" name="test_case_reproduces_the_recorded_baseline[mixed_share_meets_threshold]" time="3.647" /><testcase classname="tests.models.test_evidently_monitor_baseline" name="test_case_reproduces_the_recorded_baseline[mixed_share_below_threshold]" time="3.750" /><testcase classname="tests.models.test_evidently_monitor_baseline" name="test_case_reproduces_the_recorded_baseline[numeric_gaussian_stable_ks]" time="3.678" /><testcase classname="tests.models.test_evidently_monitor_baseline" name="test_case_reproduces_the_recorded_baseline[numeric_gaussian_drifted_ks]" time="3.553" /><testcase classname="tests.models.test_evidently_monitor_baseline" name="test_case_reproduces_the_recorded_baseline[text_percentile_stable]" time="9.201" /><testcase classname="tests.models.test_evidently_monitor_baseline" name="test_case_reproduces_the_recorded_baseline[text_percentile_drifted]" time="9.369" /><testcase classname="tests.models.test_evidently_monitor_baseline" name="test_case_reproduces_the_recorded_baseline[text_absolute_drifted]" time="3.627" /><testcase classname="tests.models.test_evidently_monitor_baseline" name="test_case_reproduces_the_recorded_baseline[prediction_numeric_stable]" time="3.541" /><testcase classname="tests.models.test_evidently_monitor_baseline" name="test_case_reproduces_the_recorded_baseline[prediction_numeric_drifted]" time="3.670" /><testcase classname="tests.models.test_evidently_monitor_baseline" name="test_case_reproduces_the_recorded_baseline[prediction_categorical_stable]" time="3.556" /><testcase classname="tests.models.test_evidently_monitor_baseline" name="test_case_reproduces_the_recorded_baseline[prediction_categorical_new_class_drifted]" time="3.702" /><testcase classname="tests.models.test_evidently_monitor_baseline" name="test_case_reproduces_the_recorded_baseline[prediction_mixed_output_types]" time="3.648" /><testcase classname="tests.models.test_evidently_monitor_baseline" name="test_case_reproduces_the_recorded_baseline[prediction_inferred_output_types]" time="3.641" /><testcase classname="tests.models.test_evidently_monitor_baseline" name="test_case_reproduces_the_recorded_baseline[prediction_policy_threshold_only]" time="3.605" /><testcase classname="tests.models.test_evidently_monitor_baseline" name="test_case_reproduces_the_recorded_baseline[prediction_requested_threshold_tightens_policy]" time="3.630" /><testcase classname="tests.models.test_evidently_monitor_baseline" name="test_failure_case_reproduces_the_recorded_failure[failure_run_empty_reference_rows]" time="0.002" /><testcase classname="tests.models.test_evidently_monitor_baseline" name="test_failure_case_reproduces_the_recorded_failure[failure_run_column_set_mismatch]" time="3.769" /><testcase classname="tests.models.test_evidently_monitor_baseline" name="test_failure_case_reproduces_the_recorded_failure[failure_run_all_values_missing]" time="3.512" /><testcase classname="tests.models.test_evidently_monitor_baseline" name="test_failure_case_reproduces_the_recorded_failure[failure_prediction_requested_threshold_weakens_policy]" time="0.002" /><testcase classname="tests.models.test_evidently_monitor_baseline" name="test_failure_case_reproduces_the_recorded_failure[failure_prediction_no_policy_and_no_threshold]" time="0.002" /><testcase classname="tests.models.test_evidently_monitor_baseline" name="test_failure_case_reproduces_the_recorded_failure[failure_prediction_reference_cohort_mismatch]" time="0.001" /><testcase classname="tests.models.test_evidently_monitor_baseline" name="test_failure_case_reproduces_the_recorded_failure[failure_prediction_non_finite_output]" time="0.001" /><testcase classname="tests.models.test_evidently_monitor_baseline" name="test_failure_case_reproduces_the_recorded_failure[failure_prediction_missing_output_value]" time="0.001" /><testcase classname="tests.models.test_evidently_monitor_baseline" name="test_failure_case_reproduces_the_recorded_failure[failure_prediction_identical_snapshot_ids]" time="0.001" /><testcase classname="tests.models.test_evidently_monitor_baseline" name="test_failure_case_reproduces_the_recorded_failure[failure_prediction_output_types_do_not_cover_columns]" time="0.001" /><testcase classname="tests.models.test_evidently_monitor_baseline" name="test_failure_case_reproduces_the_recorded_failure[failure_prediction_duplicate_columns]" time="0.001" /><testcase classname="tests.models.test_evidently_monitor_baseline" name="test_routing_table_is_complete_for_every_completed_case" time="0.001" /><testcase classname="tests.models.test_evidently_monitor_baseline" name="test_recorded_stat_test_matches_the_routing_table[numeric_ks_stable]" time="0.001" /><testcase classname="tests.models.test_evidently_monitor_baseline" name="test_recorded_stat_test_matches_the_routing_table[numeric_ks_drifted]" time="0.002" /><testcase classname="tests.models.test_evidently_monitor_baseline" name="test_recorded_stat_test_matches_the_routing_table[numeric_merged_unique_2_ztest]" time="0.001" /><testcase classname="tests.models.test_evidently_monitor_baseline" name="test_recorded_stat_test_matches_the_routing_table[numeric_merged_unique_3_chisquare]" time="0.001" /><testcase classname="tests.models.test_evidently_monitor_baseline" name="test_recorded_stat_test_matches_the_routing_table[numeric_merged_unique_5_chisquare]" time="0.002" /><testcase classname="tests.models.test_evidently_monitor_baseline" name="test_recorded_stat_test_matches_the_routing_table[numeric_merged_unique_6_ks]" time="0.001" /><testcase classname="tests.models.test_evidently_monitor_baseline" name="test_recorded_stat_test_matches_the_routing_table[numeric_reference_n_1000_ks]" time="0.001" /><testcase classname="tests.models.test_evidently_monitor_baseline" name="test_recorded_stat_test_matches_the_routing_table[numeric_reference_n_1001_wasserstein]" time="0.001" /><testcase classname="tests.models.test_evidently_monitor_baseline" name="test_recorded_stat_test_matches_the_routing_table[numeric_reference_n_1001_jensenshannon]" time="0.001" /><testcase classname="tests.models.test_evidently_monitor_baseline" name="test_recorded_stat_test_matches_the_routing_table[numeric_nan_cleaned_to_1000_ks]" time="0.001" /><testcase classname="tests.models.test_evidently_monitor_baseline" name="test_recorded_stat_test_matches_the_routing_table[numeric_nan_cleaned_to_1001_wasserstein]" time="0.001" /><testcase classname="tests.models.test_evidently_monitor_baseline" name="test_recorded_stat_test_matches_the_routing_table[numeric_infinity_cleaned_to_1001_wasserstein]" time="0.001" /><testcase classname="tests.models.test_evidently_monitor_baseline" name="test_recorded_stat_test_matches_the_routing_table[numeric_constant_stable_ztest]" time="0.001" /><testcase classname="tests.models.test_evidently_monitor_baseline" name="test_recorded_stat_test_matches_the_routing_table[numeric_constant_shifted_ztest]" time="0.001" /><testcase classname="tests.models.test_evidently_monitor_baseline" name="test_recorded_stat_test_matches_the_routing_table[categorical_merged_unique_2_ztest]" time="0.001" /><testcase classname="tests.models.test_evidently_monitor_baseline" name="test_recorded_stat_test_matches_the_routing_table[categorical_merged_unique_3_chisquare]" time="0.001" /><testcase classname="tests.models.test_evidently_monitor_baseline" name="test_recorded_stat_test_matches_the_routing_table[categorical_reference_n_1001_jensenshannon]" time="0.001" /><testcase classname="tests.models.test_evidently_monitor_baseline" name="test_recorded_stat_test_matches_the_routing_table[categorical_new_label_chisquare]" time="0.001" /><testcase classname="tests.models.test_evidently_monitor_baseline" name="test_recorded_stat_test_matches_the_routing_table[mixed_share_meets_threshold]" time="0.001" /><testcase classname="tests.models.test_evidently_monitor_baseline" name="test_recorded_stat_test_matches_the_routing_table[mixed_share_below_threshold]" time="0.001" /><testcase classname="tests.models.test_evidently_monitor_baseline" name="test_recorded_stat_test_matches_the_routing_table[numeric_gaussian_stable_ks]" time="0.001" /><testcase classname="tests.models.test_evidently_monitor_baseline" name="test_recorded_stat_test_matches_the_routing_table[numeric_gaussian_drifted_ks]" time="0.002" /><testcase classname="tests.models.test_evidently_monitor_baseline" name="test_recorded_stat_test_matches_the_routing_table[text_percentile_stable]" time="0.003" /><testcase classname="tests.models.test_evidently_monitor_baseline" name="test_recorded_stat_test_matches_the_routing_table[text_percentile_drifted]" time="0.002" /><testcase classname="tests.models.test_evidently_monitor_baseline" name="test_recorded_stat_test_matches_the_routing_table[text_absolute_drifted]" time="0.001" /><testcase classname="tests.models.test_evidently_monitor_baseline" name="test_recorded_stat_test_matches_the_routing_table[prediction_numeric_stable]" time="0.002" /><testcase classname="tests.models.test_evidently_monitor_baseline" name="test_recorded_stat_test_matches_the_routing_table[prediction_numeric_drifted]" time="0.001" /><testcase classname="tests.models.test_evidently_monitor_baseline" name="test_recorded_stat_test_matches_the_routing_table[prediction_categorical_stable]" time="0.001" /><testcase classname="tests.models.test_evidently_monitor_baseline" name="test_recorded_stat_test_matches_the_routing_table[prediction_categorical_new_class_drifted]" time="0.001" /><testcase classname="tests.models.test_evidently_monitor_baseline" name="test_recorded_stat_test_matches_the_routing_table[prediction_mixed_output_types]" time="0.001" /><testcase classname="tests.models.test_evidently_monitor_baseline" name="test_recorded_stat_test_matches_the_routing_table[prediction_inferred_output_types]" time="0.001" /><testcase classname="tests.models.test_evidently_monitor_baseline" name="test_recorded_stat_test_matches_the_routing_table[prediction_policy_threshold_only]" time="0.001" /><testcase classname="tests.models.test_evidently_monitor_baseline" name="test_recorded_stat_test_matches_the_routing_table[prediction_requested_threshold_tightens_policy]" time="0.001" /><testcase classname="tests.models.test_evidently_monitor_baseline" name="test_cleaned_reference_size_and_not_the_raw_row_count_drives_the_branch" time="0.001" /><testcase classname="tests.models.test_evidently_monitor_baseline" name="test_merged_unique_boundaries_recorded_by_the_manifest" time="0.001" /><testcase classname="tests.models.test_evidently_monitor_baseline" name="test_drift_share_threshold_governs_the_dataset_verdict_only" time="0.002" /><testcase classname="tests.models.test_evidently_monitor_baseline" name="test_first_party_column_list_agrees_with_the_engine_drift_count[numeric_ks_stable]" time="0.001" /><testcase classname="tests.models.test_evidently_monitor_baseline" name="test_first_party_column_list_agrees_with_the_engine_drift_count[numeric_ks_drifted]" time="0.001" /><testcase classname="tests.models.test_evidently_monitor_baseline" name="test_first_party_column_list_agrees_with_the_engine_drift_count[numeric_merged_unique_2_ztest]" time="0.001" /><testcase classname="tests.models.test_evidently_monitor_baseline" name="test_first_party_column_list_agrees_with_the_engine_drift_count[numeric_merged_unique_3_chisquare]" time="0.001" /><testcase classname="tests.models.test_evidently_monitor_baseline" name="test_first_party_column_list_agrees_with_the_engine_drift_count[numeric_merged_unique_5_chisquare]" time="0.001" /><testcase classname="tests.models.test_evidently_monitor_baseline" name="test_first_party_column_list_agrees_with_the_engine_drift_count[numeric_merged_unique_6_ks]" time="0.001" /><testcase classname="tests.models.test_evidently_monitor_baseline" name="test_first_party_column_list_agrees_with_the_engine_drift_count[numeric_reference_n_1000_ks]" time="0.001" /><testcase classname="tests.models.test_evidently_monitor_baseline" name="test_first_party_column_list_agrees_with_the_engine_drift_count[numeric_reference_n_1001_wasserstein]" time="0.001" /><testcase classname="tests.models.test_evidently_monitor_baseline" name="test_first_party_column_list_agrees_with_the_engine_drift_count[numeric_reference_n_1001_jensenshannon]" time="0.001" /><testcase classname="tests.models.test_evidently_monitor_baseline" name="test_first_party_column_list_agrees_with_the_engine_drift_count[numeric_nan_cleaned_to_1000_ks]" time="0.001" /><testcase classname="tests.models.test_evidently_monitor_baseline" name="test_first_party_column_list_agrees_with_the_engine_drift_count[numeric_nan_cleaned_to_1001_wasserstein]" time="0.001" /><testcase classname="tests.models.test_evidently_monitor_baseline" name="test_first_party_column_list_agrees_with_the_engine_drift_count[numeric_infinity_cleaned_to_1001_wasserstein]" time="0.001" /><testcase classname="tests.models.test_evidently_monitor_baseline" name="test_first_party_column_list_agrees_with_the_engine_drift_count[numeric_constant_stable_ztest]" time="0.001" /><testcase classname="tests.models.test_evidently_monitor_baseline" name="test_first_party_column_list_agrees_with_the_engine_drift_count[numeric_constant_shifted_ztest]" time="0.001" /><testcase classname="tests.models.test_evidently_monitor_baseline" name="test_first_party_column_list_agrees_with_the_engine_drift_count[categorical_merged_unique_2_ztest]" time="0.001" /><testcase classname="tests.models.test_evidently_monitor_baseline" name="test_first_party_column_list_agrees_with_the_engine_drift_count[categorical_merged_unique_3_chisquare]" time="0.001" /><testcase classname="tests.models.test_evidently_monitor_baseline" name="test_first_party_column_list_agrees_with_the_engine_drift_count[categorical_reference_n_1001_jensenshannon]" time="0.001" /><testcase classname="tests.models.test_evidently_monitor_baseline" name="test_first_party_column_list_agrees_with_the_engine_drift_count[categorical_new_label_chisquare]" time="0.001" /><testcase classname="tests.models.test_evidently_monitor_baseline" name="test_first_party_column_list_agrees_with_the_engine_drift_count[mixed_share_meets_threshold]" time="0.001" /><testcase classname="tests.models.test_evidently_monitor_baseline" name="test_first_party_column_list_agrees_with_the_engine_drift_count[mixed_share_below_threshold]" time="0.001" /><testcase classname="tests.models.test_evidently_monitor_baseline" name="test_first_party_column_list_agrees_with_the_engine_drift_count[numeric_gaussian_stable_ks]" time="0.001" /><testcase classname="tests.models.test_evidently_monitor_baseline" name="test_first_party_column_list_agrees_with_the_engine_drift_count[numeric_gaussian_drifted_ks]" time="0.001" /><testcase classname="tests.models.test_evidently_monitor_baseline" name="test_first_party_column_list_agrees_with_the_engine_drift_count[text_percentile_stable]" time="0.001" /><testcase classname="tests.models.test_evidently_monitor_baseline" name="test_first_party_column_list_agrees_with_the_engine_drift_count[text_percentile_drifted]" time="0.001" /><testcase classname="tests.models.test_evidently_monitor_baseline" name="test_first_party_column_list_agrees_with_the_engine_drift_count[text_absolute_drifted]" time="0.001" /><testcase classname="tests.models.test_evidently_monitor_baseline" name="test_first_party_column_list_agrees_with_the_engine_drift_count[prediction_numeric_stable]" time="0.001" /><testcase classname="tests.models.test_evidently_monitor_baseline" name="test_first_party_column_list_agrees_with_the_engine_drift_count[prediction_numeric_drifted]" time="0.001" /><testcase classname="tests.models.test_evidently_monitor_baseline" name="test_first_party_column_list_agrees_with_the_engine_drift_count[prediction_categorical_stable]" time="0.001" /><testcase classname="tests.models.test_evidently_monitor_baseline" name="test_first_party_column_list_agrees_with_the_engine_drift_count[prediction_categorical_new_class_drifted]" time="0.001" /><testcase classname="tests.models.test_evidently_monitor_baseline" name="test_first_party_column_list_agrees_with_the_engine_drift_count[prediction_mixed_output_types]" time="0.001" /><testcase classname="tests.models.test_evidently_monitor_baseline" name="test_first_party_column_list_agrees_with_the_engine_drift_count[prediction_inferred_output_types]" time="0.002" /><testcase classname="tests.models.test_evidently_monitor_baseline" name="test_first_party_column_list_agrees_with_the_engine_drift_count[prediction_policy_threshold_only]" time="0.002" /><testcase classname="tests.models.test_evidently_monitor_baseline" name="test_first_party_column_list_agrees_with_the_engine_drift_count[prediction_requested_threshold_tightens_policy]" time="0.002" /><testcase classname="tests.models.test_evidently_monitor_baseline" name="test_prediction_threshold_resolution_prefers_the_stricter_value" time="0.002" /><testcase classname="tests.models.test_evidently_monitor_baseline" name="test_prediction_results_carry_the_governed_metadata" time="0.001" /><testcase classname="tests.models.test_evidently_monitor_baseline" name="test_output_types_are_inferred_when_the_caller_omits_them" time="0.001" /><testcase classname="tests.models.test_evidently_monitor_baseline" name="test_text_stat_tests_are_reachable_through_the_first_party_wrapper" time="0.001" /><testcase classname="tests.models.test_evidently_monitor_baseline" name="test_text_threshold_is_a_bootstrap_parameter_not_a_distance_cut" time="0.001" /><testcase classname="tests.models.test_evidently_monitor_baseline" name="test_normalizer_replaces_only_an_auto_generated_snapshot_id" time="0.001" /><testcase classname="tests.models.test_evidently_monitor_baseline" name="test_normalizer_refuses_a_snapshot_id_of_the_wrong_provenance" time="0.001" /><testcase classname="tests.models.test_evidently_monitor_baseline" name="test_normalizer_never_smooths_a_statistic_away" time="0.001" /><testcase classname="tests.models.test_evidently_monitor_baseline" name="test_production_drift_run_does_not_load_nltk_into_the_process" time="7.948" /></testsuite></testsuites>