<?xml version="1.0" encoding="utf-8"?><testsuites name="pytest tests"><testsuite name="pytest" errors="0" failures="0" skipped="0" tests="129" time="40.684" timestamp="2026-09-08T02:46:10.384212+00:00" hostname="oday-dev-box.c.alfaloop-data-project-2.internal"><testcase classname="tests.models.test_native_drift" name="test_reference_capture_is_the_pinned_engine" time="0.002" /><testcase classname="tests.models.test_native_drift" name="test_native_engine_matches_reference_report[cat_bool]" time="0.010" /><testcase classname="tests.models.test_native_drift" name="test_native_engine_matches_reference_report[cat_str_dropped_category]" time="0.010" /><testcase classname="tests.models.test_native_drift" name="test_native_engine_matches_reference_report[cat_str_n1001_js]" time="0.011" /><testcase classname="tests.models.test_native_drift" name="test_native_engine_matches_reference_report[cat_str_new_category]" time="0.009" /><testcase classname="tests.models.test_native_drift" name="test_native_engine_matches_reference_report[cat_str_unique_2]" time="0.009" /><testcase classname="tests.models.test_native_drift" name="test_native_engine_matches_reference_report[cat_str_unique_3]" time="0.011" /><testcase classname="tests.models.test_native_drift" name="test_native_engine_matches_reference_report[constant_different]" time="0.008" /><testcase classname="tests.models.test_native_drift" name="test_native_engine_matches_reference_report[constant_identical]" time="0.007" /><testcase classname="tests.models.test_native_drift" name="test_native_engine_matches_reference_report[constant_n1001_different]" time="0.009" /><testcase classname="tests.models.test_native_drift" name="test_native_engine_matches_reference_report[constant_n1001_identical]" time="0.010" /><testcase classname="tests.models.test_native_drift" name="test_native_engine_matches_reference_report[constant_reference_wasserstein_norm_floor]" time="0.009" /><testcase classname="tests.models.test_native_drift" name="test_native_engine_matches_reference_report[dtype_mismatch_between_frames]" time="0.004" /><testcase classname="tests.models.test_native_drift" name="test_native_engine_matches_reference_report[explicit_method_jensenshannon]" time="0.008" /><testcase classname="tests.models.test_native_drift" name="test_native_engine_matches_reference_report[explicit_method_ks_above_1000]" time="0.009" /><testcase classname="tests.models.test_native_drift" name="test_native_engine_matches_reference_report[explicit_method_wasserstein]" time="0.007" /><testcase classname="tests.models.test_native_drift" name="test_native_engine_matches_reference_report[explicit_num_threshold]" time="0.008" /><testcase classname="tests.models.test_native_drift" name="test_native_engine_matches_reference_report[explicit_per_column_threshold]" time="0.013" /><testcase classname="tests.models.test_native_drift" name="test_native_engine_matches_reference_report[explicit_threshold_all]" time="0.009" /><testcase classname="tests.models.test_native_drift" name="test_native_engine_matches_reference_report[inf_in_current]" time="0.010" /><testcase classname="tests.models.test_native_drift" name="test_native_engine_matches_reference_report[inf_reference_shifted_divergence]" time="0.018" /><testcase classname="tests.models.test_native_drift" name="test_native_engine_matches_reference_report[int_symmetric_frequency_swap]" time="0.010" /><testcase classname="tests.models.test_native_drift" name="test_native_engine_matches_reference_report[int_unique_10]" time="0.009" /><testcase classname="tests.models.test_native_drift" name="test_native_engine_matches_reference_report[mixed_num_cat_text]" time="5.691" /><testcase classname="tests.models.test_native_drift" name="test_native_engine_matches_reference_report[mixed_with_datetime_column]" time="0.016" /><testcase classname="tests.models.test_native_drift" name="test_native_engine_matches_reference_report[nan_all_current]" time="0.005" /><testcase classname="tests.models.test_native_drift" name="test_native_engine_matches_reference_report[nan_all_reference]" time="0.006" /><testcase classname="tests.models.test_native_drift" name="test_native_engine_matches_reference_report[nan_in_both]" time="0.010" /><testcase classname="tests.models.test_native_drift" name="test_native_engine_matches_reference_report[num_float_combined_unique_2]" time="0.008" /><testcase classname="tests.models.test_native_drift" name="test_native_engine_matches_reference_report[num_float_combined_unique_2_shifted]" time="0.010" /><testcase classname="tests.models.test_native_drift" name="test_native_engine_matches_reference_report[num_float_combined_unique_3]" time="0.012" /><testcase classname="tests.models.test_native_drift" name="test_native_engine_matches_reference_report[num_float_combined_unique_5]" time="0.009" /><testcase classname="tests.models.test_native_drift" name="test_native_engine_matches_reference_report[num_float_combined_unique_6]" time="0.009" /><testcase classname="tests.models.test_native_drift" name="test_native_engine_matches_reference_report[num_float_combined_unique_6_split]" time="0.010" /><testcase classname="tests.models.test_native_drift" name="test_native_engine_matches_reference_report[num_float_ks_identical]" time="0.013" /><testcase classname="tests.models.test_native_drift" name="test_native_engine_matches_reference_report[num_float_ks_shifted]" time="0.009" /><testcase classname="tests.models.test_native_drift" name="test_native_engine_matches_reference_report[num_float_n1000_ks]" time="0.011" /><testcase classname="tests.models.test_native_drift" name="test_native_engine_matches_reference_report[num_float_n1001_inf_only_reference]" time="0.009" /><testcase classname="tests.models.test_native_drift" name="test_native_engine_matches_reference_report[num_float_n1001_nan_cleans_to_1000]" time="0.010" /><testcase classname="tests.models.test_native_drift" name="test_native_engine_matches_reference_report[num_float_n1001_unique_2_js]" time="0.008" /><testcase classname="tests.models.test_native_drift" name="test_native_engine_matches_reference_report[num_float_n1001_unique_5_js]" time="0.009" /><testcase classname="tests.models.test_native_drift" name="test_native_engine_matches_reference_report[num_float_n1001_unique_6_wasserstein]" time="0.009" /><testcase classname="tests.models.test_native_drift" name="test_native_engine_matches_reference_report[num_float_n1001_wasserstein]" time="0.010" /><testcase classname="tests.models.test_native_drift" name="test_native_engine_matches_reference_report[num_float_n1001_wasserstein_shifted]" time="0.010" /><testcase classname="tests.models.test_native_drift" name="test_native_engine_matches_reference_report[num_float_n200_ks]" time="0.013" /><testcase classname="tests.models.test_native_drift" name="test_native_engine_matches_reference_report[num_int_unique_11]" time="0.013" /><testcase classname="tests.models.test_native_drift" name="test_native_engine_matches_reference_report[num_int_unique_2]" time="0.007" /><testcase classname="tests.models.test_native_drift" name="test_native_engine_matches_reference_report[num_int_unique_6]" time="0.011" /><testcase classname="tests.models.test_native_drift" name="test_native_engine_matches_reference_report[order_cat_before_num]" time="0.015" /><testcase classname="tests.models.test_native_drift" name="test_native_engine_matches_reference_report[prediction_column_high_cardinality_text]" time="5.667" /><testcase classname="tests.models.test_native_drift" name="test_native_engine_matches_reference_report[prediction_column_numeric]" time="0.011" /><testcase classname="tests.models.test_native_drift" name="test_native_engine_matches_reference_report[prediction_column_numeric_shifted]" time="0.009" /><testcase classname="tests.models.test_native_drift" name="test_native_engine_matches_reference_report[prediction_column_probability]" time="0.009" /><testcase classname="tests.models.test_native_drift" name="test_native_engine_matches_reference_report[prediction_column_string_labels]" time="0.008" /><testcase classname="tests.models.test_native_drift" name="test_native_engine_matches_reference_report[prediction_column_two_unique]" time="0.008" /><testcase classname="tests.models.test_native_drift" name="test_native_engine_matches_reference_report[real_datetime_column]" time="0.011" /><testcase classname="tests.models.test_native_drift" name="test_native_engine_matches_reference_report[share_below_threshold]" time="0.022" /><testcase classname="tests.models.test_native_drift" name="test_native_engine_matches_reference_report[share_equals_threshold]" time="0.014" /><testcase classname="tests.models.test_native_drift" name="test_native_engine_matches_reference_report[share_threshold_one]" time="0.013" /><testcase classname="tests.models.test_native_drift" name="test_native_engine_matches_reference_report[str_unique_exactly_half]" time="0.010" /><testcase classname="tests.models.test_native_drift" name="test_native_engine_matches_reference_report[str_unique_just_over_half]" time="5.633" /><testcase classname="tests.models.test_native_drift" name="test_native_engine_matches_reference_report[target_and_prediction_columns]" time="0.021" /><testcase classname="tests.models.test_native_drift" name="test_native_engine_matches_reference_report[text_high_cardinality_n100]" time="5.878" /><testcase classname="tests.models.test_native_drift" name="test_native_engine_matches_reference_report[text_high_cardinality_n1001]" time="0.060" /><testcase classname="tests.models.test_native_drift" name="test_native_engine_matches_reference_report[text_high_cardinality_n100_shifted]" time="5.701" /><testcase classname="tests.models.test_native_drift" name="test_native_engine_matches_reference_report[unknown_object_column]" time="0.010" /><testcase classname="tests.models.test_native_drift" name="test_known_name_divergences_agree_with_the_drifted_column_count[explicit_method_ks_above_1000]" time="0.009" /><testcase classname="tests.models.test_native_drift" name="test_known_name_divergences_agree_with_the_drifted_column_count[text_high_cardinality_n100_shifted]" time="5.971" /><testcase classname="tests.models.test_native_drift" name="test_dtype_mismatch_raises_a_diagnosable_error_instead_of_dividing_by_zero" time="0.005" /><testcase classname="tests.models.test_native_drift" name="test_report_declares_the_native_engine_and_never_claims_evidently" time="0.009" /><testcase classname="tests.models.test_native_drift" name="test_report_json_round_trips_and_carries_stable_metric_ids" time="0.017" /><testcase classname="tests.models.test_native_drift" name="test_native_module_does_not_import_evidently_or_nltk" time="0.020" /><testcase classname="tests.models.test_native_drift" name="test_importing_the_native_module_loads_neither_engine" time="4.994" /><testcase classname="tests.models.test_native_drift" name="test_infer_column_type[series0-num]" time="0.002" /><testcase classname="tests.models.test_native_drift" name="test_infer_column_type[series1-cat]" time="0.002" /><testcase classname="tests.models.test_native_drift" name="test_infer_column_type[series2-num]" time="0.002" /><testcase classname="tests.models.test_native_drift" name="test_infer_column_type[series3-cat]" time="0.002" /><testcase classname="tests.models.test_native_drift" name="test_infer_column_type[series4-cat]" time="0.002" /><testcase classname="tests.models.test_native_drift" name="test_infer_column_type[series5-text]" time="0.002" /><testcase classname="tests.models.test_native_drift" name="test_infer_column_type[series6-cat]" time="0.002" /><testcase classname="tests.models.test_native_drift" name="test_infer_column_type[series7-datetime]" time="0.002" /><testcase classname="tests.models.test_native_drift" name="test_infer_column_type[series8-unknown]" time="0.002" /><testcase classname="tests.models.test_native_drift" name="test_infer_column_type[series9-list]" time="0.002" /><testcase classname="tests.models.test_native_drift" name="test_infer_column_type[series10-unknown]" time="0.002" /><testcase classname="tests.models.test_native_drift" name="test_integer_cardinality_limit_is_the_boundary_not_a_range" time="0.002" /><testcase classname="tests.models.test_native_drift" name="test_text_ratio_is_strictly_greater_than_half" time="0.002" /><testcase classname="tests.models.test_native_drift" name="test_default_stat_test_dispatch[100-2-num-expected0]" time="0.002" /><testcase classname="tests.models.test_native_drift" name="test_default_stat_test_dispatch[100-3-num-expected1]" time="0.002" /><testcase classname="tests.models.test_native_drift" name="test_default_stat_test_dispatch[100-5-num-expected2]" time="0.002" /><testcase classname="tests.models.test_native_drift" name="test_default_stat_test_dispatch[100-6-num-expected3]" time="0.002" /><testcase classname="tests.models.test_native_drift" name="test_default_stat_test_dispatch[1000-6-num-expected4]" time="0.002" /><testcase classname="tests.models.test_native_drift" name="test_default_stat_test_dispatch[1001-2-num-expected5]" time="0.003" /><testcase classname="tests.models.test_native_drift" name="test_default_stat_test_dispatch[1001-5-num-expected6]" time="0.003" /><testcase classname="tests.models.test_native_drift" name="test_default_stat_test_dispatch[1001-6-num-expected7]" time="0.004" /><testcase classname="tests.models.test_native_drift" name="test_default_stat_test_dispatch[100-2-cat-expected8]" time="0.002" /><testcase classname="tests.models.test_native_drift" name="test_default_stat_test_dispatch[100-3-cat-expected9]" time="0.002" /><testcase classname="tests.models.test_native_drift" name="test_default_stat_test_dispatch[100-6-cat-expected10]" time="0.002" /><testcase classname="tests.models.test_native_drift" name="test_default_stat_test_dispatch[1001-2-cat-expected11]" time="0.003" /><testcase classname="tests.models.test_native_drift" name="test_default_stat_test_dispatch[1001-6-cat-expected12]" time="0.003" /><testcase classname="tests.models.test_native_drift" name="test_default_stat_test_dispatch_for_text[1000-expected0]" time="0.003" /><testcase classname="tests.models.test_native_drift" name="test_default_stat_test_dispatch_for_text[1001-expected1]" time="0.003" /><testcase classname="tests.models.test_native_drift" name="test_dispatch_boundary_is_taken_on_the_cleaned_reference_length" time="0.005" /><testcase classname="tests.models.test_native_drift" name="test_dispatch_rejects_a_column_type_that_has_no_test" time="0.003" /><testcase classname="tests.models.test_native_drift" name="test_kolmogorov_smirnov_drifts_when_the_p_value_equals_the_threshold" time="0.004" /><testcase classname="tests.models.test_native_drift" name="test_p_value_tests_other_than_ks_are_strict_at_the_threshold[stat_test0]" time="0.004" /><testcase classname="tests.models.test_native_drift" name="test_p_value_tests_other_than_ks_are_strict_at_the_threshold[stat_test1]" time="0.003" /><testcase classname="tests.models.test_native_drift" name="test_distance_tests_drift_when_the_distance_equals_the_threshold[stat_test0]" time="0.002" /><testcase classname="tests.models.test_native_drift" name="test_distance_tests_drift_when_the_distance_equals_the_threshold[stat_test1]" time="0.002" /><testcase classname="tests.models.test_native_drift" name="test_absolute_text_content_drift_is_strict_at_the_threshold" time="0.025" /><testcase classname="tests.models.test_native_drift" name="test_declared_comparison_directions_match_the_implementations" time="0.001" /><testcase classname="tests.models.test_native_drift" name="test_wasserstein_normaliser_is_floored_for_a_constant_reference" time="0.002" /><testcase classname="tests.models.test_native_drift" name="test_chi_square_rescales_reference_counts_to_the_current_sample_size" time="0.004" /><testcase classname="tests.models.test_native_drift" name="test_chi_square_drives_a_new_category_to_zero" time="0.004" /><testcase classname="tests.models.test_native_drift" name="test_z_test_short_circuits_for_two_identical_constant_samples" time="0.002" /><testcase classname="tests.models.test_native_drift" name="test_jensen_shannon_bins_high_cardinality_numerical_columns" time="0.002" /><testcase classname="tests.models.test_native_drift" name="test_jensen_shannon_leaves_empty_buckets_at_zero" time="0.003" /><testcase classname="tests.models.test_native_drift" name="test_text_drift_separates_disjoint_vocabularies" time="0.013" /><testcase classname="tests.models.test_native_drift" name="test_clean_column_strips_infinities_and_nulls" time="0.002" /><testcase classname="tests.models.test_native_drift" name="test_counted_pass_leaves_an_inf_only_column_uncleaned" time="0.017" /><testcase classname="tests.models.test_native_drift" name="test_share_denominator_excludes_untyped_columns" time="0.011" /><testcase classname="tests.models.test_native_drift" name="test_dataset_drift_triggers_when_the_share_equals_the_threshold" time="0.025" /><testcase classname="tests.models.test_native_drift" name="test_unknown_method_name_is_rejected" time="0.007" /><testcase classname="tests.models.test_native_drift" name="test_method_rejects_an_incompatible_column_type" time="0.005" /><testcase classname="tests.models.test_native_drift" name="test_missing_column_in_the_reference_frame_is_rejected" time="0.002" /><testcase classname="tests.models.test_native_drift" name="test_numerical_column_with_non_numeric_reference_values_is_rejected" time="0.004" /><testcase classname="tests.models.test_native_drift" name="test_non_dataframe_input_is_rejected" time="0.002" /><testcase classname="tests.models.test_native_drift" name="test_every_registered_test_declares_the_column_types_it_accepts" time="0.001" /><testcase classname="tests.models.test_native_drift" name="test_evaluation_exposes_every_field_the_production_consumers_read" time="0.010" /><testcase classname="tests.models.test_native_drift" name="test_engine_argument_order_matches_the_engine_it_replaces" time="0.019" /></testsuite></testsuites>