<?xml version="1.0" encoding="utf-8"?><testsuites name="pytest tests"><testsuite name="pytest" errors="0" failures="0" skipped="0" tests="12" time="0.269" timestamp="2026-09-08T01:48:20.592035+00:00" hostname="oday-dev-box.c.alfaloop-data-project-2.internal"><testcase classname="tests.security.test_nltk_dependency_removal" name="test_banned_packages_not_installed" time="0.003" /><testcase classname="tests.security.test_nltk_dependency_removal" name="test_pyproject_does_not_declare_evidently" time="0.002" /><testcase classname="tests.security.test_nltk_dependency_removal" name="test_uv_lock_does_not_contain_banned_packages" time="0.005" /><testcase classname="tests.security.test_nltk_dependency_removal" name="test_no_evidently_imports_in_production_code" time="0.121" /><testcase classname="tests.security.test_nltk_dependency_removal" name="test_native_drift_engine_is_used" time="0.002" /><testcase classname="tests.security.test_nltk_dependency_removal" name="test_native_drift_engine_does_not_depend_on_banned_packages" time="0.004" /><testcase classname="tests.security.test_nltk_dependency_removal" name="test_sbom_does_not_contain_banned_packages" time="0.011" /><testcase classname="tests.security.test_nltk_dependency_removal" name="test_sbom_missing_is_failure" time="0.001" /><testcase classname="tests.security.test_nltk_dependency_removal" name="test_lock_consistency" time="0.036" /><testcase classname="tests.security.test_nltk_dependency_removal" name="test_production_monitoring_entry_points_survive_the_removal" time="0.002" /><testcase classname="tests.security.test_nltk_dependency_removal" name="test_prediction_and_data_drift_entries_route_to_the_native_engine" time="0.001" /><testcase classname="tests.security.test_nltk_dependency_removal" name="test_baseline_reference_stack_stays_out_of_the_audited_scope" time="0.002" /></testsuite></testsuites>