<?xml version="1.0" encoding="utf-8"?><testsuites name="pytest tests"><testsuite name="pytest" errors="0" failures="0" skipped="0" tests="74" time="92.007" timestamp="2026-09-12T14:26:28.493667+00:00" hostname="oday-dev-box.c.alfaloop-data-project-2.internal"><testcase classname="modules.avm.tests.test_avm_depreciation_contract.TestTheVerdictIsAVMSpecific" name="test_avm_does_not_import_site_economics" time="0.581" /><testcase classname="modules.avm.tests.test_avm_depreciation_contract.TestTheDepreciationContract" name="test_two_inputs_differing_only_in_depreciation_produce_different_valuation" time="0.002" /><testcase classname="modules.avm.tests.test_avm_depreciation_contract.TestTheDepreciationContract" name="test_valuation_input_carries_the_depreciation_contract_fields" time="0.001" /><testcase classname="modules.avm.tests.test_avm_depreciation_contract.TestTheDepreciationContract" name="test_the_asset_lens_publishes_its_depreciation_evidence" time="0.001" /><testcase classname="modules.avm.tests.test_avm_depreciation_contract.TestTheDepreciationContract" name="test_missing_depreciation_inputs_do_not_yield_a_complete_card" time="0.001" /><testcase classname="modules.avm.tests.test_avm_depreciation_contract.TestTheDepreciationContract" name="test_an_appraised_basis_is_not_depreciated_twice" time="0.001" /><testcase classname="modules.avm.tests.test_avm_depreciation_contract.TestTheDepreciationContract" name="test_a_legacy_card_keeps_its_legacy_version_and_is_not_recomputed" time="0.001" /><testcase classname="modules.avm.tests.test_avm_depreciation_contract.TestTheDepreciationContract" name="test_a_v0_pin_reproduces_the_pre_cutover_numbers" time="0.002" /><testcase classname="modules.avm.tests.test_avm_depreciation_contract.TestTheDepreciationContract" name="test_calibration_does_not_silently_mix_depreciation_versions" time="0.001" /><testcase classname="modules.avm.tests.test_avm_production_execution" name="test_production_avm_executes_approved_model_and_lifelines" time="0.004" /><testcase classname="modules.avm.tests.test_avm_production_execution" name="test_production_avm_failure_does_not_persist_fake_report" time="0.002" /><testcase classname="modules.avm.tests.test_avm_production_execution" name="test_production_avm_executes_with_straight_line_depreciation_delta" time="0.003" /><testcase classname="modules.avm.tests.test_avm_production_execution" name="test_production_avm_cutover_fails_without_finance_approval" time="0.002" /><testcase classname="modules.avm.tests.test_avm_production_execution" name="test_production_avm_rejects_negative_lower_bound_even_with_depreciation_delta" time="0.002" /><testcase classname="modules.avm.tests.test_avm_production_execution" name="test_production_avm_paired_inputs_differing_only_in_age_produce_different_prices" time="0.004" /><testcase classname="modules.avm.tests.test_avm_production_execution" name="test_production_avm_cutover_fails_with_incomplete_or_wrong_version_evidence" time="0.003" /><testcase classname="modules.avm.tests.test_avm_production_execution" name="test_production_avm_feature_schema_versions_and_report_metadata" time="0.004" /><testcase classname="modules.avm.tests.test_avm_production_execution" name="test_production_avm_cutover_fails_when_depreciation_evidence_is_structurally_incomplete" time="0.002" /><testcase classname="modules.avm.tests.test_avm_production_execution" name="test_production_avm_operational_rollback_to_v0_with_valid_receipt" time="0.005" /><testcase classname="modules.avm.tests.test_deal_outcome_and_calibration.TestLiquidityTrainingRecordExtension" name="test_liquidity_training_record_defaults_and_serialization" time="0.001" /><testcase classname="modules.avm.tests.test_deal_outcome_and_calibration.TestLiquidityTrainingRecordExtension" name="test_liquidity_training_record_from_mapping_extended_fields" time="0.001" /><testcase classname="modules.avm.tests.test_deal_outcome_and_calibration.TestLiquidityTrainingRecordExtension" name="test_liquidity_training_record_unsold_mapping" time="0.001" /><testcase classname="modules.avm.tests.test_deal_outcome_and_calibration.TestDealOutcomeDomain" name="test_create_valid_sold_deal_outcome" time="0.001" /><testcase classname="modules.avm.tests.test_deal_outcome_and_calibration.TestDealOutcomeDomain" name="test_create_valid_unsold_deal_outcome" time="0.001" /><testcase classname="modules.avm.tests.test_deal_outcome_and_calibration.TestDealOutcomeDomain" name="test_valuation_id_is_mandatory" time="0.001" /><testcase classname="modules.avm.tests.test_deal_outcome_and_calibration.TestDealOutcomeDomain" name="test_store_id_is_mandatory" time="0.001" /><testcase classname="modules.avm.tests.test_deal_outcome_and_calibration.TestDealOutcomeDomain" name="test_sold_requires_positive_settlement_price" time="0.001" /><testcase classname="modules.avm.tests.test_deal_outcome_and_calibration.TestDealOutcomeDomain" name="test_sold_cannot_have_no_deal_reason_code" time="0.001" /><testcase classname="modules.avm.tests.test_deal_outcome_and_calibration.TestDealOutcomeDomain" name="test_unsold_requires_valid_no_deal_reason_code" time="0.001" /><testcase classname="modules.avm.tests.test_deal_outcome_and_calibration.TestDealOutcomeDomain" name="test_derive_liquidity_training_record_from_deal_outcome" time="0.001" /><testcase classname="modules.avm.tests.test_deal_outcome_and_calibration.TestDealOutcomeDomain" name="test_deal_outcome_to_dict_and_redaction" time="0.001" /><testcase classname="modules.avm.tests.test_deal_outcome_and_calibration.TestValuationCalibration" name="test_calculate_deviation_sold_within_p10_p90_band" time="0.001" /><testcase classname="modules.avm.tests.test_deal_outcome_and_calibration.TestValuationCalibration" name="test_calculate_deviation_unsold_outcome" time="0.002" /><testcase classname="modules.avm.tests.test_deal_outcome_and_calibration.TestValuationCalibration" name="test_valuation_id_mismatch_raises_error" time="0.002" /><testcase classname="modules.avm.tests.test_deal_outcome_and_calibration.TestValuationCalibration" name="test_compute_deal_outcome_calibration_aggregate_metrics" time="0.002" /><testcase classname="modules.avm.tests.test_deal_outcome_and_calibration.TestValuationCalibration" name="test_evaluate_calibration_coverage_helper" time="0.001" /><testcase classname="modules.avm.tests.test_deal_outcome_and_calibration.TestFinanceAccessAndAudit" name="test_is_finance_view_authorized" time="0.001" /><testcase classname="modules.avm.tests.test_deal_outcome_and_calibration.TestFinanceAccessAndAudit" name="test_assert_finance_view_authorized" time="0.001" /><testcase classname="modules.avm.tests.test_deal_outcome_and_calibration.TestFinanceAccessAndAudit" name="test_record_deal_outcome_export_audit" time="0.003" /><testcase classname="modules.avm.tests.test_deal_outcome_and_calibration.TestFinanceAccessAndAudit" name="test_record_deal_outcome_export_fails_closed_for_missing_key_and_role" time="0.002" /><testcase classname="modules.avm.tests.test_deal_outcome_and_calibration.TestAVMServiceIntegration" name="test_service_deal_outcome_lifecycle_and_calibration" time="0.002" /><testcase classname="modules.avm.tests.test_deal_outcome_and_calibration.TestAVMServiceIntegration" name="test_mixed_cohort_calibration_gating" time="0.002" /><testcase classname="modules.avm.tests.test_deal_outcome_and_calibration.TestAVMServiceIntegration" name="test_depreciation_version_pin_and_rollback_receipt" time="0.002" /><testcase classname="modules.avm.tests.test_lifelines_liquidity_survival" name="test_lifelines_model_fits_and_predicts_liquidity_probabilities" time="0.253" /><testcase classname="modules.avm.tests.test_lifelines_liquidity_survival" name="test_lifelines_artifact_round_trip_preserves_learned_predictions" time="0.119" /><testcase classname="modules.avm.tests.test_lifelines_liquidity_survival" name="test_lifelines_artifact_rejects_tampered_model_payload" time="0.079" /><testcase classname="tests.integration.test_avm_valuation" name="test_valuation_view_and_worker_emit_lenses_and_price_separation" time="0.004" /><testcase classname="tests.integration.test_avm_valuation" name="test_unmeasured_quality_is_retained_but_cannot_produce_a_valuation_card[omitted]" time="0.002" /><testcase classname="tests.integration.test_avm_valuation" name="test_unmeasured_quality_is_retained_but_cannot_produce_a_valuation_card[None]" time="0.002" /><testcase classname="tests.integration.test_avm_valuation" name="test_finance_approval_state_gates_versions_and_dataroom_export" time="0.003" /><testcase classname="tests.integration.test_avm_valuation" name="test_avm_api_runs_e2e_valuation_dataroom_export_and_audit" time="5.818" /><testcase classname="tests.integration.test_avm_valuation" name="test_avm_durable_loop_survives_restart" time="8.358" /><testcase classname="tests.integration.test_avm_valuation" name="test_avm_api_does_not_create_a_card_without_quality_score[omitted]" time="6.129" /><testcase classname="tests.integration.test_avm_valuation" name="test_avm_api_does_not_create_a_card_without_quality_score[None]" time="5.438" /><testcase classname="tests.integration.test_avm_valuation" name="test_legacy_unknown_quality_score_disposition_and_durable_migration" time="0.340" /><testcase classname="tests.integration.test_avm_valuation" name="test_value_downgrades_persisted_high_confidence_legacy_margin" time="0.003" /><testcase classname="tests.integration.test_avm_valuation" name="test_legacy_report_and_dataroom_are_downgraded_on_every_read_path" time="0.393" /><testcase classname="tests.integration.test_avm_valuation" name="test_persisted_legacy_margin_is_downgraded_before_valuation" time="0.350" /><testcase classname="tests.integration.test_avm_valuation" name="test_fresh_input_with_omitted_status_is_measured_not_legacy" time="0.332" /><testcase classname="tests.integration.test_avm_valuation" name="test_durable_avm_repository_depreciation_and_deal_outcomes_roundtrip" time="0.428" /><testcase classname="tests.integration.test_avm_valuation" name="test_postgresql_durable_avm_repository_depreciation_roundtrip" time="3.942" /><testcase classname="tests.integration.test_avm_valuation" name="test_durable_avm_repository_legacy_pre_depreciation_stored_payload_read_and_export" time="6.399" /><testcase classname="tests.integration.test_avm_valuation" name="test_postgresql_durable_avm_repository_legacy_pre_depreciation_read_and_export" time="7.529" /><testcase classname="tests.integration.test_avm_valuation" name="test_pre_upgrade_create_case_idempotency_receipt_replay" time="6.606" /><testcase classname="tests.integration.test_avm_valuation" name="test_missing_depreciation_inputs_fail_closed_and_persist_review_required" time="5.549" /><testcase classname="tests.integration.test_avm_valuation" name="test_api_operational_rollback_with_valid_receipt_preserves_v1_history" time="6.618" /><testcase classname="tests.integration.test_production_api_composition" name="test_require_live_data_composes_remote_runtime_and_oss_dependencies" time="1.284" /><testcase classname="tests.integration.test_production_api_composition" name="test_governed_disabled_services_stay_fail_closed_while_platform_is_ready" time="1.860" /><testcase classname="tests.integration.test_production_api_composition" name="test_forecastops_alias_remains_a_required_fail_closed_binding" time="1.328" /><testcase classname="tests.integration.test_production_api_composition" name="test_training_and_runtime_share_canonical_production_model_names" time="0.023" /><testcase classname="tests.integration.test_production_api_composition" name="test_live_routes_fail_closed_when_production_dependencies_are_missing" time="2.554" /><testcase classname="tests.integration.test_production_api_composition" name="test_production_routes_gate_only_the_dependency_they_use" time="3.550" /><testcase classname="tests.integration.test_production_api_composition" name="test_non_production_fixture_ingestion_is_unchanged" time="4.083" /><testcase classname="tests.integration.test_production_api_composition" name="test_external_ingestion_uses_bundle_scheduler_state_store" time="4.782" /></testsuite></testsuites>