<?xml version="1.0" encoding="utf-8"?><testsuites name="pytest tests"><testsuite name="pytest" errors="0" failures="0" skipped="6" tests="3562" time="437.899" timestamp="2026-09-12T15:38:53.802558+00:00" hostname="oday-dev-box.c.alfaloop-data-project-2.internal"><testcase classname=".orchestrator.test_account_pool_admission" name="test_clear_during_adapter_delivery_cannot_relabel_preclear_worker" time="0.017" /><testcase classname=".orchestrator.test_account_pool_admission" name="test_dispatch_auth_snapshot_precedes_adapter_delivery" time="0.009" /><testcase classname=".orchestrator.test_account_pool_admission" name="test_canary_cannot_promote_sibling_recovery_created_after_dispatch" time="0.016" /><testcase classname=".orchestrator.test_account_pool_admission" name="test_missing_worker_auth_cannot_be_inferred_from_current_credentials[None-False-False]" time="0.006" /><testcase classname=".orchestrator.test_account_pool_admission" name="test_missing_worker_auth_cannot_be_inferred_from_current_credentials[None-True-False]" time="0.008" /><testcase classname=".orchestrator.test_account_pool_admission" name="test_missing_worker_auth_cannot_be_inferred_from_current_credentials[auth-a-True-False]" time="0.010" /><testcase classname=".orchestrator.test_account_pool_admission" name="test_missing_worker_auth_cannot_be_inferred_from_current_credentials[auth-b-True-True]" time="0.010" /><testcase classname=".orchestrator.test_adapter_fallback_policy.AdapterFallbackPolicyTests" name="test_claude_alias_uses_provider_specific_home_env" time="0.011" /><testcase classname=".orchestrator.test_adapter_fallback_policy.AdapterFallbackPolicyTests" name="test_claude_can_disable_inbox_fallback" time="0.005" /><testcase classname=".orchestrator.test_adapter_fallback_policy.AdapterFallbackPolicyTests" name="test_claude_runtime_loads_oauth_token_file" time="0.010" /><testcase classname=".orchestrator.test_adapter_fallback_policy.AdapterFallbackPolicyTests" name="test_claude_worker_omits_model_flags_when_unset" time="0.008" /><testcase classname=".orchestrator.test_adapter_fallback_policy.AdapterFallbackPolicyTests" name="test_claude_worker_uses_configured_model_and_effort" time="0.007" /><testcase classname=".orchestrator.test_adapter_fallback_policy.AdapterFallbackPolicyTests" name="test_codex_alias_sets_agent_identity_env" time="0.011" /><testcase classname=".orchestrator.test_adapter_fallback_policy.AdapterFallbackPolicyTests" name="test_codex_model_setting_is_passed_to_command" time="0.008" /><testcase classname=".orchestrator.test_adapter_fallback_policy.AdapterFallbackPolicyTests" name="test_codex_uses_request_workspace_and_status_root_metadata" time="0.011" /><testcase classname=".orchestrator.test_adapter_fallback_policy.AdapterFallbackPolicyTests" name="test_codex_without_api_key_env_does_not_inherit_parent_openai_key" time="0.011" /><testcase classname=".orchestrator.test_adapter_fallback_policy.AdapterFallbackPolicyTests" name="test_delivery_runtime_env_registers_authorized_actor_and_preserves_existing_extras" time="0.005" /><testcase classname=".orchestrator.test_approval_queue.ApprovalQueuePruneTests" name="test_can_recover_tool_input_from_request_evidence" time="0.016" /><testcase classname=".orchestrator.test_approval_queue.ApprovalQueuePruneTests" name="test_create_approval_writes_request_evidence_and_sanitizes_queue_state" time="0.023" /><testcase classname=".orchestrator.test_approval_queue.ApprovalQueuePruneTests" name="test_ensure_worker_deferred_approval_reuses_latest_queue_entry" time="0.030" /><testcase classname=".orchestrator.test_approval_queue.ApprovalQueuePruneTests" name="test_find_worker_deferred_approval_falls_back_to_input_signature" time="0.005" /><testcase classname=".orchestrator.test_approval_queue.ApprovalQueuePruneTests" name="test_keeps_pending_approval_when_claude2_worker_can_resume_session" time="0.011" /><testcase classname=".orchestrator.test_approval_queue.ApprovalQueuePruneTests" name="test_keeps_pending_approval_when_claude_worker_can_resume_session" time="0.009" /><testcase classname=".orchestrator.test_approval_queue.ApprovalQueuePruneTests" name="test_keeps_pending_approval_when_worker_is_alive" time="0.010" /><testcase classname=".orchestrator.test_approval_queue.ApprovalQueuePruneTests" name="test_prunes_pending_approval_when_worker_state_is_missing" time="0.019" /><testcase classname=".orchestrator.test_approval_queue.ApprovalQueuePruneTests" name="test_resolve_approval_writes_resolution_evidence" time="0.034" /><testcase classname=".orchestrator.test_auth_loader.AuthLoaderTests" name="test_empty_ssh_key_fails_fast" time="0.008" /><testcase classname=".orchestrator.test_auth_loader.AuthLoaderTests" name="test_env_file_values_are_loaded_before_explicit_env" time="0.006" /><testcase classname=".orchestrator.test_auth_loader.AuthLoaderTests" name="test_missing_credential_fails_fast" time="0.006" /><testcase classname=".orchestrator.test_auth_loader.AuthLoaderTests" name="test_present_pat_returns_askpass_env_without_token_value" time="0.014" /><testcase classname=".orchestrator.test_auth_loader.AuthLoaderTests" name="test_present_ssh_key_returns_noninteractive_git_env" time="0.007" /><testcase classname=".orchestrator.test_branch_drift_alarms.EvaluateDriftTests" name="test_absent_threshold_disables_its_alarm" time="0.004" /><testcase classname=".orchestrator.test_branch_drift_alarms.EvaluateDriftTests" name="test_divergence_over_budget_alarms" time="0.003" /><testcase classname=".orchestrator.test_branch_drift_alarms.EvaluateDriftTests" name="test_divergence_signature_tracks_the_divergence_point" time="0.002" /><testcase classname=".orchestrator.test_branch_drift_alarms.EvaluateDriftTests" name="test_divergence_within_budget_is_silent" time="0.002" /><testcase classname=".orchestrator.test_branch_drift_alarms.EvaluateDriftTests" name="test_each_stale_pr_gets_its_own_signature" time="0.008" /><testcase classname=".orchestrator.test_branch_drift_alarms.EvaluateDriftTests" name="test_no_divergence_is_silent" time="0.005" /><testcase classname=".orchestrator.test_branch_drift_alarms.EvaluateDriftTests" name="test_pr_without_created_at_is_skipped_not_crashed" time="0.003" /><testcase classname=".orchestrator.test_branch_drift_alarms.EvaluateDriftTests" name="test_task_pr_over_budget_alarms" time="0.005" /><testcase classname=".orchestrator.test_branch_drift_alarms.EvaluateDriftTests" name="test_task_pr_within_budget_is_silent" time="0.005" /><testcase classname=".orchestrator.test_branch_drift_alarms.SettingsTests" name="test_branch_names_fall_back_to_conventional_defaults" time="0.004" /><testcase classname=".orchestrator.test_branch_drift_alarms.SettingsTests" name="test_disabled_branch_workflow_yields_no_settings" time="0.004" /><testcase classname=".orchestrator.test_branch_drift_alarms.SettingsTests" name="test_settings_are_read_from_branch_workflow" time="0.004" /><testcase classname=".orchestrator.test_branch_drift_alarms.CheckBranchDriftTests" name="test_a_second_stale_pr_still_alarms_while_the_first_is_active" time="0.010" /><testcase classname=".orchestrator.test_branch_drift_alarms.CheckBranchDriftTests" name="test_alarm_is_logged_once_not_every_cycle" time="0.007" /><testcase classname=".orchestrator.test_branch_drift_alarms.CheckBranchDriftTests" name="test_clearing_an_alarm_is_logged" time="0.006" /><testcase classname=".orchestrator.test_branch_drift_alarms.CheckBranchDriftTests" name="test_disabled_workflow_does_no_work" time="0.004" /><testcase classname=".orchestrator.test_capacity_controller" name="test_chair_never_approves_sidecars_while_canonical_work_is_runnable" time="0.071" /><testcase classname=".orchestrator.test_capacity_controller" name="test_chair_approves_bounded_sidecars_after_sustained_idle_capacity" time="0.195" /><testcase classname=".orchestrator.test_capacity_controller" name="test_sidecar_wave_requires_a_current_chair_decision" time="0.011" /><testcase classname=".orchestrator.test_capacity_controller" name="test_expired_helper_execution_leases_are_reported_without_changing_owner" time="0.012" /><testcase classname=".orchestrator.test_capacity_controller" name="test_bound_helper_claim_release_requires_a_live_matching_run" time="0.017" /><testcase classname=".orchestrator.test_capacity_controller" name="test_helper_claim_release_clears_terminal_and_unbound_failed_launches" time="0.012" /><testcase classname=".orchestrator.test_capacity_controller" name="test_older_generation_worker_does_not_release_newer_helper_claim" time="0.007" /><testcase classname=".orchestrator.test_capacity_controller" name="test_capacity_snapshot_excludes_human_gate_non_dispatchable_review_and_blocked" time="0.190" /><testcase classname=".orchestrator.test_capacity_controller" name="test_current_active_tasks_regression_fixture_runnable_is_zero" time="0.124" /><testcase classname=".orchestrator.test_capacity_controller" name="test_runnable_todo_task_approves_helper_wave_when_slots_available" time="0.131" /><testcase classname=".orchestrator.test_capacity_controller" name="test_capacity_snapshot_with_custom_schema_and_invalid_task_id_or_owner" time="0.059" /><testcase classname=".orchestrator.test_capacity_controller" name="test_capacity_and_supervisor_dispatch_share_identical_runnable_truth" time="0.126" /><testcase classname=".orchestrator.test_capacity_controller" name="test_custom_schema_dependency_requires_canonical_dependency_id" time="0.137" /><testcase classname=".orchestrator.test_capacity_controller" name="test_custom_schema_sidecar_parent_requires_canonical_task_id" time="0.062" /><testcase classname=".orchestrator.test_capacity_controller" name="test_sidecar_candidates_fail_closed_when_runnable_work_appears_during_valid_approval" time="0.089" /><testcase classname=".orchestrator.test_capacity_controller" name="test_reviewer_active_does_not_offset_unrelated_owner_runnable_task" time="0.106" /><testcase classname=".orchestrator.test_capacity_controller" name="test_finalizer_active_does_not_offset_unrelated_owner_runnable_task" time="0.111" /><testcase classname=".orchestrator.test_capacity_controller" name="test_active_worker_on_runnable_task_suppresses_helper_wave" time="0.306" /><testcase classname=".orchestrator.test_capacity_controller" name="test_int_only_legacy_runnable_tasks_conservative_fallback" time="0.192" /><testcase classname=".orchestrator.test_capacity_controller" name="test_custom_schema_active_worker_task_id_matching" time="0.138" /><testcase classname=".orchestrator.test_capacity_controller" name="test_sidecar_task_id_short_ids_remain_unchanged" time="0.006" /><testcase classname=".orchestrator.test_capacity_controller" name="test_sidecar_task_id_bounded_and_deterministic_for_long_parent_and_kind" time="0.006" /><testcase classname=".orchestrator.test_capacity_controller" name="test_sidecar_task_id_collision_resistance_for_long_parents_and_kinds" time="0.006" /><testcase classname=".orchestrator.test_capacity_controller" name="test_sidecar_candidates_with_long_parent_preserves_authoritative_fields_and_artifacts" time="0.326" /><testcase classname=".orchestrator.test_capacity_controller" name="test_capacity_snapshot_excludes_unauthenticated_or_inbox_fallback_slots_from_effective_capacity" time="0.290" /><testcase classname=".orchestrator.test_capacity_controller" name="test_capacity_snapshot_and_evaluate_chair_no_false_underutilization_when_provider_auth_false" time="0.044" /><testcase classname=".orchestrator.test_capacity_controller" name="test_capacity_automatically_restores_next_tick_on_relogin_without_clearing_state" time="1.015" /><testcase classname=".orchestrator.test_capacity_controller" name="test_claude_auth_status_logged_in_but_oauth_inference_expired_regression" time="0.766" /><testcase classname=".orchestrator.test_capacity_controller" name="test_sidecar_candidates_excludes_archived_three_exact_ids_across_multiple_rounds" time="0.502" /><testcase classname=".orchestrator.test_capacity_controller" name="test_sidecar_candidates_excludes_superseded_archived_sidecars" time="0.241" /><testcase classname=".orchestrator.test_capacity_controller" name="test_mixed_archived_and_fresh_candidates_preserves_full_wave_budget_for_fresh" time="0.264" /><testcase classname=".orchestrator.test_common.PlanningSharedFilesTests" name="test_planning_shared_files_follow_active_session_paths" time="0.008" /><testcase classname=".orchestrator.test_common.JsonLoadResilienceTests" name="test_comment_stripper_preserves_urls_and_still_strips_comments" time="0.003" /><testcase classname=".orchestrator.test_common.JsonLoadResilienceTests" name="test_load_json_reports_the_error_from_the_file_as_written" time="0.008" /><testcase classname=".orchestrator.test_common.JsonLoadResilienceTests" name="test_load_json_retries_after_transient_decode_error" time="0.008" /><testcase classname=".orchestrator.test_common.JsonLoadResilienceTests" name="test_load_jsonl_retries_after_transient_decode_error" time="0.003" /><testcase classname=".orchestrator.test_common.ConfigContractTests" name="test_dynamic_agent_name_still_validates_agent_fields" time="1.503" /><testcase classname=".orchestrator.test_common.ConfigContractTests" name="test_explicit_overlay_is_deep_merged_by_the_canonical_loader" time="0.007" /><testcase classname=".orchestrator.test_common.ConfigContractTests" name="test_json_comments_are_rejected_in_runtime_config" time="0.004" /><testcase classname=".orchestrator.test_common.ConfigContractTests" name="test_missing_runtime_config_never_falls_back_to_example" time="0.002" /><testcase classname=".orchestrator.test_common.ConfigContractTests" name="test_retired_worker_tree_guard_is_dropped_before_validation" time="0.007" /><testcase classname=".orchestrator.test_common.ConfigContractTests" name="test_runtime_config_environment_selects_the_same_config_for_helpers" time="0.008" /><testcase classname=".orchestrator.test_common.ConfigContractTests" name="test_unknown_fixed_key_fails_closed" time="0.004" /><testcase classname=".orchestrator.test_common.FailureSummaryTests" name="test_summarize_failure_reason_treats_claude_credit_balance_as_quota" time="0.003" /><testcase classname=".orchestrator.test_common.FailureSummaryTests" name="test_summarize_failure_reason_treats_codex_config_parse_as_provider_config" time="0.005" /><testcase classname=".orchestrator.test_common.FailureSummaryTests" name="test_summarize_failure_reason_treats_codex_usage_limit_as_quota" time="0.002" /><testcase classname=".orchestrator.test_common.FailureSummaryTests" name="test_summarize_failure_reason_treats_github_cli_auth_as_tool_auth" time="0.004" /><testcase classname=".orchestrator.test_common.GithubCliEnvTests" name="test_preserve_github_cli_auth_env_keeps_source_config_when_home_changes" time="0.008" /><testcase classname=".orchestrator.test_common.GithubCliEnvTests" name="test_preserve_github_cli_auth_env_respects_explicit_config_dir" time="0.003" /><testcase classname=".orchestrator.test_common.ClaudeAuthTests" name="test_claude_auth_ready_accepts_distinct_long_lived_env_token_when_oauth_expired" time="0.005" /><testcase classname=".orchestrator.test_common.ClaudeAuthTests" name="test_claude_auth_ready_accepts_long_lived_oauth_token_env" time="0.007" /><testcase classname=".orchestrator.test_common.ClaudeAuthTests" name="test_claude_auth_ready_fails_when_refresh_of_expired_oauth_fails" time="0.006" /><testcase classname=".orchestrator.test_common.ClaudeAuthTests" name="test_claude_auth_ready_prefers_fresh_credentials_over_stale_env_token" time="0.006" /><testcase classname=".orchestrator.test_common.ClaudeAuthTests" name="test_claude_auth_ready_refreshes_expired_env_oauth_token" time="0.005" /><testcase classname=".orchestrator.test_common.ClaudeAuthTests" name="test_claude_auth_ready_refreshes_expired_oauth" time="0.005" /><testcase classname=".orchestrator.test_common.ClaudeAuthTests" name="test_refresh_claude_oauth_tokens_returns_none_on_http_error" time="0.019" /><testcase classname=".orchestrator.test_common.ClaudeAuthTests" name="test_refresh_claude_oauth_tokens_updates_credentials_file" time="0.020" /><testcase classname=".orchestrator.test_common.RecentTaskActivityTests" name="test_recent_task_activity_ignores_partial_tail_line" time="0.006" /><testcase classname=".orchestrator.test_common.RecentTaskActivityTests" name="test_recent_task_activity_reads_from_tail_without_full_log_scan" time="0.005" /><testcase classname=".orchestrator.test_common.GithubCliResolutionTests" name="test_a_shim_on_path_is_rejected_for_a_system_path" time="0.005" /><testcase classname=".orchestrator.test_common.GithubCliResolutionTests" name="test_no_python_caller_still_spells_the_rule_itself" time="0.010" /><testcase classname=".orchestrator.test_common.GithubCliResolutionTests" name="test_path_result_wins_when_it_is_not_the_shim" time="0.004" /><testcase classname=".orchestrator.test_common.GithubCliResolutionTests" name="test_returns_none_when_nothing_is_installed" time="0.005" /><testcase classname=".orchestrator.test_common.GithubCliResolutionTests" name="test_shim_is_the_last_resort_not_the_preference" time="0.007" /><testcase classname=".orchestrator.test_common.SupervisorProcessIdentityTests" name="test_real_supervisor_argv_still_matches" time="0.002" /><testcase classname=".orchestrator.test_common.SupervisorProcessIdentityTests" name="test_supervisor_module_reuses_the_common_matcher" time="0.004" /><testcase classname=".orchestrator.test_common.SupervisorProcessIdentityTests" name="test_wrapper_process_is_not_read_as_the_supervisor" time="0.045" /><testcase classname=".orchestrator.test_common.TaskArchiveSharesHardenedJsonIoTests" name="test_archive_read_tolerates_a_trailing_comma" time="0.020" /><testcase classname=".orchestrator.test_common.TaskArchiveSharesHardenedJsonIoTests" name="test_archive_uses_the_canonical_helpers" time="0.010" /><testcase classname=".orchestrator.test_common.TaskArchiveSharesHardenedJsonIoTests" name="test_archive_write_leaves_the_previous_document_on_failure" time="0.016" /><testcase classname=".orchestrator.test_common.UtcTimestampParsingTests" name="test_consumers_share_the_canonical_parser" time="0.008" /><testcase classname=".orchestrator.test_common.UtcTimestampParsingTests" name="test_junk_reads_as_no_timestamp_instead_of_raising" time="0.009" /><testcase classname=".orchestrator.test_common.UtcTimestampParsingTests" name="test_naive_result_can_be_subtracted_from_now" time="0.002" /><testcase classname=".orchestrator.test_common.UtcTimestampParsingTests" name="test_naive_timestamp_is_read_as_utc" time="0.003" /><testcase classname=".orchestrator.test_common.UtcTimestampParsingTests" name="test_offset_timestamp_is_converted_to_utc" time="0.004" /><testcase classname=".orchestrator.test_control_plane.DirtyControlPlaneTests" name="test_a_rename_reports_the_destination" time="0.009" /><testcase classname=".orchestrator.test_control_plane.DirtyControlPlaneTests" name="test_an_edited_governance_file_is_reported" time="0.004" /><testcase classname=".orchestrator.test_control_plane.DirtyControlPlaneTests" name="test_an_unreadable_status_is_not_clean" time="0.004" /><testcase classname=".orchestrator.test_control_plane.DirtyControlPlaneTests" name="test_ordinary_dirty_files_are_not_the_control_plane" time="0.004" /><testcase classname=".orchestrator.test_control_plane.DirtyControlPlaneTests" name="test_untracked_files_are_excluded" time="0.002" /><testcase classname=".orchestrator.test_control_plane.SettingsTests" name="test_blocking_is_available_but_not_the_default" time="0.003" /><testcase classname=".orchestrator.test_control_plane.SettingsTests" name="test_it_is_on_and_reporting_by_default" time="0.001" /><testcase classname=".orchestrator.test_control_plane.SettingsTests" name="test_operator_globs_replace_the_defaults" time="0.005" /><testcase classname=".orchestrator.test_control_plane.ObserverSafetyTests" name="test_a_clean_tree_clears_a_previous_alarm" time="0.002" /><testcase classname=".orchestrator.test_control_plane.ObserverSafetyTests" name="test_a_failed_activity_log_does_not_take_down_dispatch" time="0.006" /><testcase classname=".orchestrator.test_control_plane.ObserverSafetyTests" name="test_block_mode_stops_dispatch" time="0.009" /><testcase classname=".orchestrator.test_cross_repo_terminal_gate.CrossRepoTerminalGateTests" name="test_archive_refuses_carried_unresolved_delivery_and_keeps_existing_snapshot" time="0.032" /><testcase classname=".orchestrator.test_cross_repo_terminal_gate.CrossRepoTerminalGateTests" name="test_delivery_requirements_are_explicit_and_do_not_copy_parent_pr" time="0.011" /><testcase classname=".orchestrator.test_cross_repo_terminal_gate.CrossRepoTerminalGateTests" name="test_done_rejects_and_records_active_child_blocker" time="0.171" /><testcase classname=".orchestrator.test_cross_repo_terminal_gate.CrossRepoTerminalGateTests" name="test_false_zero_board_blocks_parent_when_consumer_pr_is_open_and_red" time="0.007" /><testcase classname=".orchestrator.test_cross_repo_terminal_gate.CrossRepoTerminalGateTests" name="test_green_mergeable_child_wakes_supervisor_before_merge" time="0.010" /><testcase classname=".orchestrator.test_cross_repo_terminal_gate.CrossRepoTerminalGateTests" name="test_merged_green_child_resolves_blocker_and_wakes_supervisor" time="0.013" /><testcase classname=".orchestrator.test_dispatch_engine.PausedOwnerFailoverPreferenceTests" name="test_candidate_order_without_the_preference_puts_codex_first" time="0.039" /><testcase classname=".orchestrator.test_dispatch_engine.PausedOwnerFailoverPreferenceTests" name="test_deployment_task_classes_keep_the_existing_order" time="0.027" /><testcase classname=".orchestrator.test_dispatch_engine.PausedOwnerFailoverPreferenceTests" name="test_frozen_closeout_states_keep_the_existing_candidate_order" time="0.183" /><testcase classname=".orchestrator.test_dispatch_engine.PausedOwnerFailoverPreferenceTests" name="test_paused_owner_fails_over_to_the_preferred_provider" time="0.034" /><testcase classname=".orchestrator.test_dispatch_engine.PausedOwnerFailoverPreferenceTests" name="test_pending_delivery_on_the_shared_pool_also_saturates_the_lane" time="0.040" /><testcase classname=".orchestrator.test_dispatch_engine.PausedOwnerFailoverPreferenceTests" name="test_reviewer_failover_order_is_unchanged" time="0.027" /><testcase classname=".orchestrator.test_dispatch_engine.PausedOwnerFailoverPreferenceTests" name="test_saturated_preferred_lane_falls_back_to_the_existing_order" time="0.054" /><testcase classname=".orchestrator.test_dispatch_policy" name="test_dispatch_reason_priority_cases[review_ready_dispatch-0]" time="0.011" /><testcase classname=".orchestrator.test_dispatch_policy" name="test_dispatch_reason_priority_cases[owned_finalize_dispatch-1]" time="0.004" /><testcase classname=".orchestrator.test_dispatch_policy" name="test_dispatch_reason_priority_cases[owned_in_progress_dispatch-2]" time="0.004" /><testcase classname=".orchestrator.test_dispatch_policy" name="test_dispatch_reason_priority_cases[owned_ready_dispatch-3]" time="0.021" /><testcase classname=".orchestrator.test_dispatch_policy" name="test_dispatch_reason_priority_cases[helper_claim_dispatch-4]" time="0.003" /><testcase classname=".orchestrator.test_dispatch_policy" name="test_dispatch_reason_priority_cases[discussion_planning_readout_dispatch-None]" time="0.004" /><testcase classname=".orchestrator.test_dispatch_policy" name="test_dispatch_reason_priority_cases[None-None]" time="0.002" /><testcase classname=".orchestrator.test_dispatch_policy" name="test_is_execution_dispatch_reason_cases[review_ready_dispatch-True]" time="0.002" /><testcase classname=".orchestrator.test_dispatch_policy" name="test_is_execution_dispatch_reason_cases[owned_finalize_dispatch-True]" time="0.002" /><testcase classname=".orchestrator.test_dispatch_policy" name="test_is_execution_dispatch_reason_cases[owned_in_progress_dispatch-True]" time="0.003" /><testcase classname=".orchestrator.test_dispatch_policy" name="test_is_execution_dispatch_reason_cases[owned_ready_dispatch-True]" time="0.006" /><testcase classname=".orchestrator.test_dispatch_policy" name="test_is_execution_dispatch_reason_cases[helper_claim_dispatch-True]" time="0.002" /><testcase classname=".orchestrator.test_dispatch_policy" name="test_is_execution_dispatch_reason_cases[discussion_planning_baton_dispatch-False]" time="0.004" /><testcase classname=".orchestrator.test_dispatch_policy" name="test_is_execution_dispatch_reason_cases[-False]" time="0.005" /><testcase classname=".orchestrator.test_dispatch_policy" name="test_is_execution_dispatch_reason_cases[None-False]" time="0.003" /><testcase classname=".orchestrator.test_dispatch_policy" name="test_normalized_status_set_cases[None-default0-expected0]" time="0.002" /><testcase classname=".orchestrator.test_dispatch_policy" name="test_normalized_status_set_cases[values1-default1-expected1]" time="0.002" /><testcase classname=".orchestrator.test_dispatch_policy" name="test_normalized_status_set_cases[values2-default2-expected2]" time="0.004" /><testcase classname=".orchestrator.test_dispatch_policy" name="test_normalized_status_set_cases[Review_Approved-default3-expected3]" time="0.012" /><testcase classname=".orchestrator.test_dispatch_policy" name="test_normalized_status_set_cases[values4-default4-expected4]" time="0.002" /><testcase classname=".orchestrator.test_dispatch_policy" name="test_normalized_status_set_cases[values5-default5-expected5]" time="0.005" /><testcase classname=".orchestrator.test_dispatch_policy" name="test_ready_dispatch_settings_current_defaults" time="0.003" /><testcase classname=".orchestrator.test_dispatch_policy" name="test_ready_dispatch_settings_treats_missing_ready_dispatcher_as_defaults" time="0.005" /><testcase classname=".orchestrator.test_dispatch_policy" name="test_ready_dispatch_settings_preserves_configured_values" time="0.002" /><testcase classname=".orchestrator.test_dispatch_policy" name="test_ready_dispatch_settings_uses_done_statuses_for_legacy_terminal_default" time="0.003" /><testcase classname=".orchestrator.test_dispatch_policy" name="test_ready_dispatch_settings_explicit_worker_terminal_statuses_win" time="0.002" /><testcase classname=".orchestrator.test_dispatch_policy" name="test_ready_dispatch_settings_preserves_current_sidecar_and_queue_knobs" time="0.003" /><testcase classname=".orchestrator.test_dispatch_policy" name="test_worktree_lease_block_with_zero_byte_ai_status_lock_suppresses_and_clearing_recovers_immediately" time="1.406" /><testcase classname=".orchestrator.test_dispatch_policy" name="test_worktree_lease_block_records_auditable_secret_free_state_identity" time="0.378" /><testcase classname=".orchestrator.test_dispatch_policy" name="test_first_dirty_block_fails_closed_and_records_state_without_provider_slot" time="0.278" /><testcase classname=".orchestrator.test_dispatch_policy" name="test_dirty_worktree_committed_locally_recovers_immediately_without_remote_push" time="1.483" /><testcase classname=".orchestrator.test_dispatch_policy" name="test_unresolved_git_operation_suppresses_and_finishing_recovers_immediately" time="1.572" /><testcase classname=".orchestrator.test_dispatch_policy" name="test_unrepaired_dirty_worktree_maintains_backoff_until_expiry" time="1.254" /><testcase classname=".orchestrator.test_dispatch_policy" name="test_legacy_lease_block_without_worktree_path_maintains_suppression" time="0.815" /><testcase classname=".orchestrator.test_dispatch_policy" name="test_missing_or_deleted_worktree_path_maintains_suppression" time="0.932" /><testcase classname=".orchestrator.test_dispatch_policy" name="test_worktree_with_materialized_context_seed_recovers_immediately" time="1.108" /><testcase classname=".orchestrator.test_dispatch_policy" name="test_orphaned_in_progress_task_redispatched_to_available_owner" time="1.706" /><testcase classname=".orchestrator.test_dispatch_policy" name="test_orphaned_in_progress_task_claimed_by_helper_when_owner_busy_and_sla_exceeded" time="1.763" /><testcase classname=".orchestrator.test_dispatch_policy" name="test_orphaned_in_progress_task_not_claimed_when_sla_not_exceeded" time="0.826" /><testcase classname=".orchestrator.test_dispatch_policy" name="test_orphaned_in_progress_task_redispatched_to_owner_when_owner_idle_even_if_sla_exceeded" time="1.849" /><testcase classname=".orchestrator.test_dispatch_policy" name="test_orphaned_in_progress_task_claimed_when_owner_paused_and_sla_exceeded" time="1.911" /><testcase classname=".orchestrator.test_dispatch_policy" name="test_active_runner_prevents_duplicate_owner_dispatch_and_helper_claim" time="0.729" /><testcase classname=".orchestrator.test_dispatch_policy" name="test_review_blocked_human_gate_and_dependency_tasks_never_claimed" time="0.806" /><testcase classname=".orchestrator.test_dispatch_policy" name="test_dead_helper_lease_released_and_recovered_for_owner_redispatch" time="1.776" /><testcase classname=".orchestrator.test_dispatch_policy" name="test_dead_helper_lease_released_sets_changed_true_even_when_no_dispatches_queued" time="0.790" /><testcase classname=".orchestrator.test_dispatch_policy" name="test_active_helper_continues_executing_valid_lease" time="1.605" /><testcase classname=".orchestrator.test_dispatch_policy" name="test_helper_owner_is_saturated_unit_cases" time="0.012" /><testcase classname=".orchestrator.test_dispatch_policy" name="test_owner_starting_task_after_wake_is_queued_is_not_stale" time="0.007" /><testcase classname=".orchestrator.test_dispatch_policy" name="test_authority_change_during_status_promotion_still_stales_wake[reviewer-Antigravity7]" time="0.007" /><testcase classname=".orchestrator.test_dispatch_policy" name="test_authority_change_during_status_promotion_still_stales_wake[owner-Antigravity7]" time="0.006" /><testcase classname=".orchestrator.test_dispatch_policy" name="test_authority_change_during_status_promotion_still_stales_wake[depends_on-value2]" time="0.010" /><testcase classname=".orchestrator.test_dispatch_policy" name="test_status_demotion_after_wake_is_queued_is_stale" time="0.004" /><testcase classname=".orchestrator.test_dispatch_policy" name="test_release_dead_helper_claims_reports_commit_failure_separately_from_no_op" time="0.003" /><testcase classname=".orchestrator.test_dispatch_policy" name="test_dispatch_aborts_when_dead_lease_release_fails_to_commit" time="0.005" /><testcase classname=".orchestrator.test_dispatch_policy" name="test_capacity_reconcile_aborts_when_dead_lease_release_fails_to_commit" time="0.006" /><testcase classname=".orchestrator.test_dispatch_policy" name="test_narrowed_claimable_statuses_are_reported_once_per_config_change" time="0.004" /><testcase classname=".orchestrator.test_dispatch_policy" name="test_default_claimable_statuses_are_not_reported_as_narrowed" time="0.003" /><testcase classname=".orchestrator.test_dispatch_policy" name="test_empty_agent_override_does_not_make_every_owner_undispatchable" time="1.588" /><testcase classname=".orchestrator.test_dispatch_policy" name="test_review_approved_task_not_dispatched_for_review_on_poll_or_restart" time="2.595" /><testcase classname=".orchestrator.test_dispatch_policy" name="test_merge_routed_queued_task_not_dispatched_for_review_on_poll_or_restart" time="0.855" /><testcase classname=".orchestrator.test_dispatch_policy" name="test_stale_wake_for_review_ready_skipped_when_task_approved_or_merge_routed" time="0.024" /><testcase classname=".orchestrator.test_dispatch_policy" name="test_pr1175_reproduction_prior_queued_route_does_not_block_repaired_new_head_review" time="0.946" /><testcase classname=".orchestrator.test_dispatch_policy" name="test_merge_route_without_head_or_malformed_fails_closed" time="0.015" /><testcase classname=".orchestrator.test_dispatch_policy" name="test_ci_repair_requeue_and_transition_clears_stale_merge_route" time="0.005" /><testcase classname=".orchestrator.test_dispatch_policy" name="test_reconcile_runtime_on_boot_completes_stale_review_event_when_approved_or_merge_routed" time="0.844" /><testcase classname=".orchestrator.test_dispatch_policy" name="test_genuine_review_state_dispatches_reviewer" time="0.872" /><testcase classname=".orchestrator.test_dispatch_policy" name="test_review_dispatch_suppressed_when_ci_is_pending" time="1.021" /><testcase classname=".orchestrator.test_dispatch_policy" name="test_review_dispatch_suppressed_when_ci_is_failure" time="0.817" /><testcase classname=".orchestrator.test_dispatch_policy" name="test_review_dispatch_suppressed_when_head_has_drifted" time="0.765" /><testcase classname=".orchestrator.test_dispatch_policy" name="test_review_dispatch_suppressed_when_remote_head_is_missing" time="0.724" /><testcase classname=".orchestrator.test_dispatch_policy" name="test_review_dispatch_suppressed_when_merge_group_failed_retains_reason" time="0.740" /><testcase classname=".orchestrator.test_dispatch_policy" name="test_stale_wake_for_review_ready_skipped_when_ci_is_pending_or_failed" time="0.008" /><testcase classname=".orchestrator.test_dispatch_policy" name="test_review_dispatch_eligible_when_task_review_gate_pending_but_other_ci_green" time="0.717" /><testcase classname=".orchestrator.test_dispatch_policy" name="test_conflicted_review_with_no_ci_is_returned_to_its_owner" time="0.006" /><testcase classname=".orchestrator.test_dispatch_policy" name="test_recovery_declines_every_unconfirmable_reading[ci_pending-kwargs0]" time="0.005" /><testcase classname=".orchestrator.test_dispatch_policy" name="test_recovery_declines_every_unconfirmable_reading[ci_success-kwargs1]" time="0.005" /><testcase classname=".orchestrator.test_dispatch_policy" name="test_recovery_declines_every_unconfirmable_reading[ci_failure-kwargs2]" time="0.005" /><testcase classname=".orchestrator.test_dispatch_policy" name="test_recovery_declines_every_unconfirmable_reading[ci_unknown-kwargs3]" time="0.004" /><testcase classname=".orchestrator.test_dispatch_policy" name="test_recovery_declines_every_unconfirmable_reading[ci_unreadable_pr-kwargs4]" time="0.004" /><testcase classname=".orchestrator.test_dispatch_policy" name="test_recovery_declines_every_unconfirmable_reading[ci_probe_raises-kwargs5]" time="0.004" /><testcase classname=".orchestrator.test_dispatch_policy" name="test_recovery_declines_every_unconfirmable_reading[pr_closed_by_ci_probe-kwargs6]" time="0.004" /><testcase classname=".orchestrator.test_dispatch_policy" name="test_recovery_declines_every_unconfirmable_reading[pr_closed-kwargs7]" time="0.004" /><testcase classname=".orchestrator.test_dispatch_policy" name="test_recovery_declines_every_unconfirmable_reading[pr_merged-kwargs8]" time="0.006" /><testcase classname=".orchestrator.test_dispatch_policy" name="test_recovery_declines_every_unconfirmable_reading[merge_state_clean-kwargs9]" time="0.005" /><testcase classname=".orchestrator.test_dispatch_policy" name="test_recovery_declines_every_unconfirmable_reading[merge_state_blocked-kwargs10]" time="0.006" /><testcase classname=".orchestrator.test_dispatch_policy" name="test_recovery_declines_every_unconfirmable_reading[merge_state_behind-kwargs11]" time="0.004" /><testcase classname=".orchestrator.test_dispatch_policy" name="test_recovery_declines_every_unconfirmable_reading[merge_state_unknown-kwargs12]" time="0.004" /><testcase classname=".orchestrator.test_dispatch_policy" name="test_recovery_declines_every_unconfirmable_reading[gh_offline-kwargs13]" time="0.004" /><testcase classname=".orchestrator.test_dispatch_policy" name="test_recovery_declines_every_unconfirmable_reading[gh_malformed_json-kwargs14]" time="0.004" /><testcase classname=".orchestrator.test_dispatch_policy" name="test_recovery_declines_every_unconfirmable_reading[gh_empty_payload-kwargs15]" time="0.004" /><testcase classname=".orchestrator.test_dispatch_policy" name="test_recovery_declines_every_unconfirmable_reading[missing_head-kwargs16]" time="0.006" /><testcase classname=".orchestrator.test_dispatch_policy" name="test_recovery_declines_every_unconfirmable_reading[missing_merge_state-kwargs17]" time="0.004" /><testcase classname=".orchestrator.test_dispatch_policy" name="test_recovery_declines_every_unconfirmable_reading[missing_state-kwargs18]" time="0.004" /><testcase classname=".orchestrator.test_dispatch_policy" name="test_recovery_declines_every_unconfirmable_reading[head_drift-kwargs19]" time="0.005" /><testcase classname=".orchestrator.test_dispatch_policy" name="test_recovery_declines_when_the_facts_change_between_the_two_reads" time="0.013" /><testcase classname=".orchestrator.test_dispatch_policy" name="test_the_authorising_ci_read_is_taken_fresh_and_after_the_first_pr_read" time="0.005" /><testcase classname=".orchestrator.test_dispatch_policy" name="test_ci_that_starts_after_the_cached_verdict_stops_the_recovery[checks_started-kwargs0]" time="0.005" /><testcase classname=".orchestrator.test_dispatch_policy" name="test_ci_that_starts_after_the_cached_verdict_stops_the_recovery[checks_finished_green-kwargs1]" time="0.005" /><testcase classname=".orchestrator.test_dispatch_policy" name="test_ci_that_starts_after_the_cached_verdict_stops_the_recovery[checks_finished_red-kwargs2]" time="0.005" /><testcase classname=".orchestrator.test_dispatch_policy" name="test_ci_that_starts_after_the_cached_verdict_stops_the_recovery[ci_unknown-kwargs3]" time="0.007" /><testcase classname=".orchestrator.test_dispatch_policy" name="test_ci_that_starts_after_the_cached_verdict_stops_the_recovery[pr_unreadable-kwargs4]" time="0.005" /><testcase classname=".orchestrator.test_dispatch_policy" name="test_ci_that_starts_after_the_cached_verdict_stops_the_recovery[pr_closed-kwargs5]" time="0.006" /><testcase classname=".orchestrator.test_dispatch_policy" name="test_ci_that_starts_after_the_cached_verdict_stops_the_recovery[pr_merged-kwargs6]" time="0.005" /><testcase classname=".orchestrator.test_dispatch_policy" name="test_ci_that_starts_after_the_cached_verdict_stops_the_recovery[fresh_read_raises-kwargs7]" time="0.004" /><testcase classname=".orchestrator.test_dispatch_policy" name="test_conflicted_review_never_acts_on_a_gated_frozen_or_busy_task[human_gate_class-task_overrides0-busy_task_ids0]" time="0.003" /><testcase classname=".orchestrator.test_dispatch_policy" name="test_conflicted_review_never_acts_on_a_gated_frozen_or_busy_task[human_required_roles-task_overrides1-busy_task_ids1]" time="0.003" /><testcase classname=".orchestrator.test_dispatch_policy" name="test_conflicted_review_never_acts_on_a_gated_frozen_or_busy_task[pending_human_gate-task_overrides2-busy_task_ids2]" time="0.004" /><testcase classname=".orchestrator.test_dispatch_policy" name="test_conflicted_review_never_acts_on_a_gated_frozen_or_busy_task[human_waiting_gate-task_overrides3-busy_task_ids3]" time="0.004" /><testcase classname=".orchestrator.test_dispatch_policy" name="test_conflicted_review_never_acts_on_a_gated_frozen_or_busy_task[human_owner-task_overrides4-busy_task_ids4]" time="0.004" /><testcase classname=".orchestrator.test_dispatch_policy" name="test_conflicted_review_never_acts_on_a_gated_frozen_or_busy_task[non_dispatchable-task_overrides5-busy_task_ids5]" time="0.004" /><testcase classname=".orchestrator.test_dispatch_policy" name="test_conflicted_review_never_acts_on_a_gated_frozen_or_busy_task[active_or_pending_worker-task_overrides6-busy_task_ids6]" time="0.003" /><testcase classname=".orchestrator.test_dispatch_policy" name="test_conflicted_review_never_acts_on_a_gated_frozen_or_busy_task[live_helper_lease-task_overrides7-busy_task_ids7]" time="0.005" /><testcase classname=".orchestrator.test_dispatch_policy" name="test_conflicted_review_never_acts_on_a_gated_frozen_or_busy_task[frozen_approved_head-task_overrides8-busy_task_ids8]" time="0.003" /><testcase classname=".orchestrator.test_dispatch_policy" name="test_conflicted_review_never_acts_on_a_gated_frozen_or_busy_task[queued_merge_route-task_overrides9-busy_task_ids9]" time="0.004" /><testcase classname=".orchestrator.test_dispatch_policy" name="test_conflicted_review_never_acts_on_a_gated_frozen_or_busy_task[unsubmitted_review-task_overrides10-busy_task_ids10]" time="0.004" /><testcase classname=".orchestrator.test_dispatch_policy" name="test_conflicted_review_never_acts_on_a_gated_frozen_or_busy_task[submission_head_not_a_sha-task_overrides11-busy_task_ids11]" time="0.004" /><testcase classname=".orchestrator.test_dispatch_policy" name="test_conflicted_review_never_acts_on_a_gated_frozen_or_busy_task[already_in_progress-task_overrides12-busy_task_ids12]" time="0.004" /><testcase classname=".orchestrator.test_dispatch_policy" name="test_conflicted_review_never_acts_on_a_gated_frozen_or_busy_task[already_approved-task_overrides13-busy_task_ids13]" time="0.006" /><testcase classname=".orchestrator.test_dispatch_policy" name="test_conflicted_review_declines_when_the_task_repository_cannot_be_resolved" time="0.005" /><testcase classname=".orchestrator.test_dispatch_policy" name="test_conflicted_review_repeated_polls_and_restarts_recover_one_head_exactly_once" time="0.010" /><testcase classname=".orchestrator.test_dispatch_policy" name="test_conflicted_review_a_recovery_that_does_not_persist_leaves_the_head_recoverable" time="0.005" /><testcase classname=".orchestrator.test_dispatch_policy" name="test_canonical_ci_repair_transition_keeps_its_review_approved_guard" time="0.004" /><testcase classname=".orchestrator.test_dispatch_policy" name="test_conflicted_review_named_entry_still_refuses_invalid_review[frozen_approved_head-overrides0]" time="0.004" /><testcase classname=".orchestrator.test_dispatch_policy" name="test_conflicted_review_named_entry_still_refuses_invalid_review[queued_merge_route-overrides1]" time="0.003" /><testcase classname=".orchestrator.test_dispatch_policy" name="test_conflicted_review_named_entry_still_refuses_invalid_review[unsubmitted_review-overrides2]" time="0.003" /><testcase classname=".orchestrator.test_dispatch_policy" name="test_conflicted_review_named_entry_still_refuses_invalid_review[human_gate-overrides3]" time="0.002" /><testcase classname=".orchestrator.test_dispatch_policy" name="test_conflicted_review_named_entry_still_refuses_invalid_review[human_waiting_gate-overrides4]" time="0.003" /><testcase classname=".orchestrator.test_dispatch_policy" name="test_conflicted_review_named_entry_still_refuses_invalid_review[human_owner-overrides5]" time="0.002" /><testcase classname=".orchestrator.test_dispatch_policy" name="test_conflicted_review_named_entry_still_refuses_invalid_review[non_dispatchable-overrides6]" time="0.002" /><testcase classname=".orchestrator.test_dispatch_policy" name="test_conflicted_review_named_entry_still_refuses_invalid_review[wrong_status-overrides7]" time="0.002" /><testcase classname=".orchestrator.test_dispatch_policy" name="test_conflicted_review_dispatch_ready_tasks_recovers_without_reviewer_slot" time="0.021" /><testcase classname=".orchestrator.test_dispatch_policy" name="test_ci_failure_review_is_returned_to_its_owner_with_actionable_diagnostics" time="0.005" /><testcase classname=".orchestrator.test_dispatch_policy" name="test_ci_failure_recovery_declines_pending_in_progress_checks" time="0.005" /><testcase classname=".orchestrator.test_dispatch_policy" name="test_ci_failure_recovery_declines_unknown_conclusion" time="0.004" /><testcase classname=".orchestrator.test_dispatch_policy" name="test_ci_failure_recovery_declines_malformed_checks" time="0.004" /><testcase classname=".orchestrator.test_dispatch_policy" name="test_ci_failure_recovery_declines_human_waiting_gate" time="0.006" /><testcase classname=".orchestrator.test_dispatch_policy" name="test_ci_failure_recovery_declines_human_owner" time="0.004" /><testcase classname=".orchestrator.test_dispatch_policy" name="test_ci_failure_recovery_declines_every_unconfirmable_reading[ci_pending-kwargs0]" time="0.004" /><testcase classname=".orchestrator.test_dispatch_policy" name="test_ci_failure_recovery_declines_every_unconfirmable_reading[ci_success-kwargs1]" time="0.005" /><testcase classname=".orchestrator.test_dispatch_policy" name="test_ci_failure_recovery_declines_every_unconfirmable_reading[ci_none-kwargs2]" time="0.004" /><testcase classname=".orchestrator.test_dispatch_policy" name="test_ci_failure_recovery_declines_every_unconfirmable_reading[ci_unknown-kwargs3]" time="0.004" /><testcase classname=".orchestrator.test_dispatch_policy" name="test_ci_failure_recovery_declines_every_unconfirmable_reading[ci_unreadable_pr-kwargs4]" time="0.005" /><testcase classname=".orchestrator.test_dispatch_policy" name="test_ci_failure_recovery_declines_every_unconfirmable_reading[ci_probe_raises-kwargs5]" time="0.005" /><testcase classname=".orchestrator.test_dispatch_policy" name="test_ci_failure_recovery_declines_every_unconfirmable_reading[pr_closed_by_ci_probe-kwargs6]" time="0.005" /><testcase classname=".orchestrator.test_dispatch_policy" name="test_ci_failure_recovery_declines_every_unconfirmable_reading[pr_closed-kwargs7]" time="0.004" /><testcase classname=".orchestrator.test_dispatch_policy" name="test_ci_failure_recovery_declines_every_unconfirmable_reading[pr_merged-kwargs8]" time="0.004" /><testcase classname=".orchestrator.test_dispatch_policy" name="test_ci_failure_recovery_declines_every_unconfirmable_reading[gh_offline-kwargs9]" time="0.005" /><testcase classname=".orchestrator.test_dispatch_policy" name="test_ci_failure_recovery_declines_every_unconfirmable_reading[gh_malformed_json-kwargs10]" time="0.006" /><testcase classname=".orchestrator.test_dispatch_policy" name="test_ci_failure_recovery_declines_every_unconfirmable_reading[gh_empty_payload-kwargs11]" time="0.005" /><testcase classname=".orchestrator.test_dispatch_policy" name="test_ci_failure_recovery_declines_every_unconfirmable_reading[missing_head-kwargs12]" time="0.006" /><testcase classname=".orchestrator.test_dispatch_policy" name="test_ci_failure_recovery_declines_every_unconfirmable_reading[missing_state-kwargs13]" time="0.006" /><testcase classname=".orchestrator.test_dispatch_policy" name="test_ci_failure_recovery_declines_every_unconfirmable_reading[head_drift-kwargs14]" time="0.006" /><testcase classname=".orchestrator.test_dispatch_policy" name="test_ci_failure_recovery_declines_every_unconfirmable_reading[empty_rollup-kwargs15]" time="0.005" /><testcase classname=".orchestrator.test_dispatch_policy" name="test_ci_failure_recovery_declines_every_unconfirmable_reading[all_green_rollup-kwargs16]" time="0.010" /><testcase classname=".orchestrator.test_dispatch_policy" name="test_ci_failure_repeated_tick_on_same_failed_ci_head_is_idempotent" time="0.004" /><testcase classname=".orchestrator.test_dispatch_policy" name="test_ci_failure_resubmitted_new_head_can_recover_again" time="0.005" /><testcase classname=".orchestrator.test_dispatch_policy" name="test_canonical_ci_repair_transition_allows_failed_ci_review_and_keeps_guard" time="0.003" /><testcase classname=".orchestrator.test_dispatch_policy" name="test_canonical_ci_repair_transition_failed_ci_review_entry_still_refuses_invalid_states[frozen_approved_head-overrides0]" time="0.004" /><testcase classname=".orchestrator.test_dispatch_policy" name="test_canonical_ci_repair_transition_failed_ci_review_entry_still_refuses_invalid_states[queued_merge_route-overrides1]" time="0.005" /><testcase classname=".orchestrator.test_dispatch_policy" name="test_canonical_ci_repair_transition_failed_ci_review_entry_still_refuses_invalid_states[unsubmitted_review-overrides2]" time="0.004" /><testcase classname=".orchestrator.test_dispatch_policy" name="test_canonical_ci_repair_transition_failed_ci_review_entry_still_refuses_invalid_states[human_gate-overrides3]" time="0.003" /><testcase classname=".orchestrator.test_dispatch_policy" name="test_canonical_ci_repair_transition_failed_ci_review_entry_still_refuses_invalid_states[human_waiting_gate-overrides4]" time="0.005" /><testcase classname=".orchestrator.test_dispatch_policy" name="test_canonical_ci_repair_transition_failed_ci_review_entry_still_refuses_invalid_states[human_owner-overrides5]" time="0.003" /><testcase classname=".orchestrator.test_dispatch_policy" name="test_canonical_ci_repair_transition_failed_ci_review_entry_still_refuses_invalid_states[non_dispatchable-overrides6]" time="0.003" /><testcase classname=".orchestrator.test_dispatch_policy" name="test_canonical_ci_repair_transition_failed_ci_review_entry_still_refuses_invalid_states[wrong_status-overrides7]" time="0.004" /><testcase classname=".orchestrator.test_dispatch_policy" name="test_ci_failure_dispatch_ready_tasks_recovers_failed_ci_review_without_reviewer_slot" time="0.025" /><testcase classname=".orchestrator.test_dispatch_policy" name="test_ci_failure_recovery_then_success_reaches_review_dispatch" time="0.002" /><testcase classname=".orchestrator.test_dispatch_policy" name="test_ci_failure_real_cas_race_aborts_and_does_not_dispatch_detached_in_progress" time="0.028" /><testcase classname=".orchestrator.test_dispatch_policy" name="test_ci_failure_full_lifecycle_dispatcher_to_resubmission_to_review" time="0.756" /><testcase classname=".orchestrator.test_dispatch_policy" name="test_ci_failure_lane_adds_no_canonical_read_on_a_quiet_tick" time="0.706" /><testcase classname=".orchestrator.test_dispatch_policy" name="test_ci_failure_rejected_cas_rebuilds_indices_from_the_resynced_snapshot" time="0.748" /><testcase classname=".orchestrator.test_dispatch_policy" name="test_dispatch_priority_reason_round_trips_every_lane" time="0.001" /><testcase classname=".orchestrator.test_dispatch_policy" name="test_undispatchable_p0_reviews_do_not_preempt_a_running_p1_review" time="0.005" /><testcase classname=".orchestrator.test_dispatch_policy" name="test_dispatchable_p0_review_still_preempts_when_no_slot_is_free" time="0.003" /><testcase classname=".orchestrator.test_dispatch_policy" name="test_a_free_slot_is_used_before_a_running_worker_is_killed" time="0.003" /><testcase classname=".orchestrator.test_dispatch_policy" name="test_role_policy_that_excludes_the_reviewer_lane_is_not_a_preemption_reason" time="0.003" /><testcase classname=".orchestrator.test_dispatch_policy" name="test_p0_owned_work_preempts_only_once_its_dependencies_are_done" time="0.004" /><testcase classname=".orchestrator.test_fill_idle_slots.DispatchCapTests" name="test_a_small_configuration_keeps_a_usable_floor" time="0.001" /><testcase classname=".orchestrator.test_fill_idle_slots.DispatchCapTests" name="test_an_explicit_setting_is_not_overridden" time="0.002" /><testcase classname=".orchestrator.test_fill_idle_slots.DispatchCapTests" name="test_an_unslotted_configuration_still_works" time="0.001" /><testcase classname=".orchestrator.test_fill_idle_slots.DispatchCapTests" name="test_dead_stalled_workers_do_not_occupy_capacity" time="0.001" /><testcase classname=".orchestrator.test_fill_idle_slots.DispatchCapTests" name="test_policy_does_not_materialize_legacy_cap_default" time="0.001" /><testcase classname=".orchestrator.test_fill_idle_slots.DispatchCapTests" name="test_recent_process_activity_keeps_quiet_worker_capacity_live" time="0.001" /><testcase classname=".orchestrator.test_fill_idle_slots.DispatchCapTests" name="test_started_queue_record_is_not_double_counted_with_worker" time="0.001" /><testcase classname=".orchestrator.test_fill_idle_slots.DispatchCapTests" name="test_the_cap_defaults_to_the_number_of_slots" time="0.001" /><testcase classname=".orchestrator.test_fill_idle_slots.InterruptibleSleepTests" name="test_a_zero_interval_does_not_block" time="0.002" /><testcase classname=".orchestrator.test_fill_idle_slots.InterruptibleSleepTests" name="test_an_unreadable_queue_is_not_a_wake_signal" time="0.002" /><testcase classname=".orchestrator.test_fill_idle_slots.InterruptibleSleepTests" name="test_it_returns_early_when_the_queue_changes" time="30.004" /><testcase classname=".orchestrator.test_fill_idle_slots.InterruptibleSleepTests" name="test_it_sleeps_the_whole_interval_when_nothing_arrives" time="0.003" /><testcase classname=".orchestrator.test_fill_idle_slots.ScopeGuardDecorationTests" name="test_dispatch_ready_tasks_is_scope_synced" time="0.001" /><testcase classname=".orchestrator.test_fill_idle_slots.ScopeGuardDecorationTests" name="test_every_entrypoint_decorator_binds_to_a_function" time="0.019" /><testcase classname=".orchestrator.test_fill_idle_slots.ScopeGuardDecorationTests" name="test_the_new_helpers_are_not_decorated" time="0.002" /><testcase classname=".orchestrator.test_fill_idle_slots.WakeSignalTests" name="test_a_floor_stops_the_loop_chasing_its_own_fleet" time="0.003" /><testcase classname=".orchestrator.test_fill_idle_slots.WakeSignalTests" name="test_one_unreadable_signal_does_not_mask_the_other" time="0.004" /><testcase classname=".orchestrator.test_fill_idle_slots.WakeSignalTests" name="test_the_board_is_a_wake_signal" time="0.006" /><testcase classname=".orchestrator.test_fill_idle_slots.WakeSignalTests" name="test_the_queue_is_still_a_wake_signal" time="0.004" /><testcase classname=".orchestrator.test_fill_idle_slots.ReconcileScopeTests" name="test_a_foreign_repository_task_is_left_alone" time="0.002" /><testcase classname=".orchestrator.test_fill_idle_slots.ReconcileScopeTests" name="test_a_task_for_this_repository_is_still_reconciled" time="0.003" /><testcase classname=".orchestrator.test_fill_idle_slots.ReconcileScopeTests" name="test_an_unknown_local_repository_declines_declared_tasks" time="0.002" /><testcase classname=".orchestrator.test_github_bus.GitHubBusCommandTests" name="test_apply_bus_command_review_approve_uses_reviewer_actor" time="0.002" /><testcase classname=".orchestrator.test_github_bus.GitHubBusCommandTests" name="test_closed_review_bus_pr_is_reconciled_to_current_open_pr" time="0.003" /><testcase classname=".orchestrator.test_github_bus.GitHubBusCommandTests" name="test_github_cased_pr_states_are_treated_as_stale" time="0.008" /><testcase classname=".orchestrator.test_github_bus.GitHubBusCommandTests" name="test_missing_pr_is_rechecked_and_adopted_after_publisher_creates_it" time="0.005" /><testcase classname=".orchestrator.test_github_bus.GitHubBusCommandTests" name="test_open_and_skipped_states_are_not_treated_as_stale" time="0.002" /><testcase classname=".orchestrator.test_github_bus.GitHubBusCommandTests" name="test_poll_coordination_issue_comments_batches_with_cursor" time="0.002" /><testcase classname=".orchestrator.test_github_bus.GitHubBusCommandTests" name="test_poll_issue_comments_batches_with_cursor" time="0.001" /><testcase classname=".orchestrator.test_github_bus.GitHubBusCommandTests" name="test_poll_pr_reviews_approved_uses_reviewer_approval" time="0.004" /><testcase classname=".orchestrator.test_github_bus.GitHubBusCommandTests" name="test_poll_pr_reviews_batches_with_cursor" time="0.003" /><testcase classname=".orchestrator.test_github_bus.GitHubBusCommandTests" name="test_remote_branch_head_sha_requires_exact_origin_ref" time="0.002" /><testcase classname=".orchestrator.test_github_bus.GitHubBusCommandTests" name="test_skipped_no_commits_is_suppressed_on_consecutive_poll" time="0.006" /><testcase classname=".orchestrator.test_github_bus.GitHubBusCommandTests" name="test_stale_pr_number_is_not_carried_into_no_commits_skip" time="0.005" /><testcase classname=".orchestrator.test_github_bus.GitHubBusCommandTests" name="test_stale_pr_number_is_not_carried_into_unpublished_skip" time="0.004" /><testcase classname=".orchestrator.test_github_bus.GitHubBusCommandTests" name="test_upsert_review_pr_does_not_skip_when_exact_origin_sha_is_not_fetched" time="0.005" /><testcase classname=".orchestrator.test_github_bus.GitHubBusCommandTests" name="test_upsert_review_pr_rechecks_origin_even_for_recent_unpublished_branch" time="0.004" /><testcase classname=".orchestrator.test_github_bus.GitHubBusCommandTests" name="test_upsert_review_pr_rechecks_unpublished_branch_after_ttl" time="0.004" /><testcase classname=".orchestrator.test_github_bus.GitHubBusCommandTests" name="test_upsert_review_pr_records_missing_pr_without_creating" time="0.006" /><testcase classname=".orchestrator.test_github_bus.GitHubBusCommandTests" name="test_upsert_review_pr_recovers_false_unpublished_state_from_task_origin_ref" time="0.005" /><testcase classname=".orchestrator.test_github_bus.GitHubBusCommandTests" name="test_upsert_review_pr_skips_unpublished_remote_branch" time="0.006" /><testcase classname=".orchestrator.test_github_bus.GitHubBusCommandTests" name="test_upsert_review_pr_uses_task_origin_ref_when_status_root_and_owner_branch_differ" time="0.004" /><testcase classname=".orchestrator.test_github_bus.FindExistingReviewPrTests" name="test_a_parent_task_never_adopts_its_sidecars_pr" time="0.003" /><testcase classname=".orchestrator.test_github_bus.FindExistingReviewPrTests" name="test_a_pr_aimed_at_another_base_is_not_adopted" time="0.002" /><testcase classname=".orchestrator.test_github_bus.FindExistingReviewPrTests" name="test_an_omitted_base_keeps_the_previous_behaviour" time="0.002" /><testcase classname=".orchestrator.test_github_bus.FindExistingReviewPrTests" name="test_falls_back_to_the_title_search_when_no_pr_is_open_from_the_branch" time="0.005" /><testcase classname=".orchestrator.test_github_bus.FindExistingReviewPrTests" name="test_finds_a_worker_opened_pr_by_head_branch" time="0.002" /><testcase classname=".orchestrator.test_github_bus.FindExistingReviewPrTests" name="test_returns_none_when_nothing_matches" time="0.003" /><testcase classname=".orchestrator.test_github_bus.FindExistingReviewPrTests" name="test_the_base_filter_is_reapplied_client_side" time="0.002" /><testcase classname=".orchestrator.test_github_bus.FindExistingReviewPrTests" name="test_the_head_lookup_asks_github_for_the_task_pr_base" time="0.003" /><testcase classname=".orchestrator.test_github_bus.FindExistingReviewPrTests" name="test_the_title_fallback_also_rejects_a_foreign_base" time="0.002" /><testcase classname=".orchestrator.test_github_bus.FindExistingReviewPrTests" name="test_upsert_review_pr_scopes_discovery_to_the_task_pr_base" time="0.005" /><testcase classname=".orchestrator.test_github_bus.GitHubBusProcessTests" name="test_edit_pull_request_uses_rest_without_projects_classic_graphql" time="0.002" /><testcase classname=".orchestrator.test_github_bus.GitHubBusProcessTests" name="test_failed_probe_past_max_stale_window_fails_closed" time="0.004" /><testcase classname=".orchestrator.test_github_bus.GitHubBusProcessTests" name="test_failed_probe_serves_last_good_snapshot_instead_of_empty" time="0.005" /><testcase classname=".orchestrator.test_github_bus.GitHubBusProcessTests" name="test_failed_probe_with_nonzero_exit_serves_last_good_snapshot" time="0.003" /><testcase classname=".orchestrator.test_github_bus.GitHubBusProcessTests" name="test_first_probe_failure_without_snapshot_fails_closed" time="0.051" /><testcase classname=".orchestrator.test_github_bus.GitHubBusProcessTests" name="test_parse_remote_head_names_ignores_malformed_and_non_head_refs" time="0.001" /><testcase classname=".orchestrator.test_github_bus.GitHubBusProcessTests" name="test_remote_branch_probe_times_out_without_blocking_the_bus" time="0.042" /><testcase classname=".orchestrator.test_github_bus.GitHubBusProcessTests" name="test_remote_branch_snapshot_reuses_one_probe_for_multiple_branches" time="0.048" /><testcase classname=".orchestrator.test_github_bus.GitHubBusProcessTests" name="test_run_gh_process_kills_process_group_on_timeout" time="0.003" /><testcase classname=".orchestrator.test_github_bus.GitHubBusProcessTests" name="test_run_gh_uses_vendored_wrapper_when_system_gh_missing" time="0.034" /><testcase classname=".orchestrator.test_github_bus.GitHubBusProcessTests" name="test_run_git_network_process_kills_process_group_on_timeout" time="0.003" /><testcase classname=".orchestrator.test_github_bus.GitHubBusProcessTests" name="test_snapshot_within_ttl_is_served_without_reloading_config" time="0.024" /><testcase classname=".orchestrator.test_github_bus.GitHubCoordinationCommandTests" name="test_approve_engine_command_bypasses_manual_gate" time="0.008" /><testcase classname=".orchestrator.test_github_bus.GitHubCoordinationCommandTests" name="test_dispatch_command_queues_coordination_event" time="0.011" /><testcase classname=".orchestrator.test_github_bus.TaskPRDiscoveryTests" name="test_branch_diff_is_unknown_when_exact_origin_sha_is_not_fetched" time="0.004" /><testcase classname=".orchestrator.test_github_bus.TaskPRDiscoveryTests" name="test_branch_diff_uses_ref_only_when_it_matches_exact_origin_sha" time="0.002" /><testcase classname=".orchestrator.test_github_bus.TaskPRDiscoveryTests" name="test_branch_exists_returns_false_for_head" time="0.002" /><testcase classname=".orchestrator.test_github_bus.TaskPRDiscoveryTests" name="test_branch_ref_resolution_prefers_coherent_remote_refs_over_stale_local_refs" time="0.002" /><testcase classname=".orchestrator.test_github_bus.TaskPRDiscoveryTests" name="test_branch_ref_resolution_supports_remote_tracking_refs" time="0.002" /><testcase classname=".orchestrator.test_github_bus.TaskPRDiscoveryTests" name="test_current_branch_returns_none_when_detached_head" time="0.001" /><testcase classname=".orchestrator.test_github_bus.TaskPRDiscoveryTests" name="test_review_branch_for_task_accepts_exact_matching_agent_branch_when_canonical_prefix_absent" time="0.814" /><testcase classname=".orchestrator.test_github_bus.TaskPRDiscoveryTests" name="test_review_branch_for_task_prioritizes_immutable_task_ref_over_unrelated_agent_branch" time="0.003" /><testcase classname=".orchestrator.test_github_bus.TaskPRDiscoveryTests" name="test_review_branch_for_task_rejects_head_branch_name" time="0.058" /><testcase classname=".orchestrator.test_github_bus.TaskPRDiscoveryTests" name="test_review_branch_for_task_rejects_related_sidecar_agent_branch" time="0.003" /><testcase classname=".orchestrator.test_github_bus.TaskPRDiscoveryTests" name="test_review_branch_for_task_rejects_unrelated_agent_or_current_branch_when_canonical_absent" time="0.011" /><testcase classname=".orchestrator.test_github_bus.TaskPRDiscoveryTests" name="test_review_branch_for_task_returns_none_when_canonical_absent_and_only_sidecar_or_unrelated_branch_exists" time="0.015" /><testcase classname=".orchestrator.test_github_bus.DetachedHeadBranchResolutionTests" name="test_detached_head_yields_no_branch" time="0.040" /><testcase classname=".orchestrator.test_github_bus.DetachedHeadBranchResolutionTests" name="test_named_branch_is_still_returned" time="0.029" /><testcase classname=".orchestrator.test_github_bus.TaskPRBaseBranchTests" name="test_task_pr_base_falls_back_to_default_when_branch_workflow_disabled" time="0.001" /><testcase classname=".orchestrator.test_github_bus.TaskPRBaseBranchTests" name="test_task_pr_base_falls_back_to_dev_branch_when_target_absent" time="0.002" /><testcase classname=".orchestrator.test_github_bus.TaskPRBaseBranchTests" name="test_task_pr_base_uses_branch_workflow_target_not_repo_default" time="0.002" /><testcase classname=".orchestrator.test_github_bus.TaskPRBaseBranchTests" name="test_upsert_review_pr_missing_message_names_branch_workflow_target" time="0.005" /><testcase classname=".orchestrator.test_github_bus.PrBackedStatusCoverageTests" name="test_defaults_cover_review_and_review_approved" time="0.001" /><testcase classname=".orchestrator.test_github_bus.PrBackedStatusCoverageTests" name="test_review_approved_task_still_gets_a_pr" time="0.003" /><testcase classname=".orchestrator.test_github_bus.PrBackedStatusCoverageTests" name="test_review_task_still_gets_a_pr" time="0.003" /><testcase classname=".orchestrator.test_github_bus.PrBackedStatusCoverageTests" name="test_statuses_come_from_config_not_a_literal" time="0.001" /><testcase classname=".orchestrator.test_github_bus.PrBackedStatusCoverageTests" name="test_unrelated_statuses_are_left_alone" time="0.003" /><testcase classname=".orchestrator.test_github_bus.ApprovedTaskAutoMergeTests" name="test_archive_housekeeping_auto_merge_switch_fails_closed" time="0.002" /><testcase classname=".orchestrator.test_github_bus.ApprovedTaskAutoMergeTests" name="test_archive_housekeeping_pr_uses_same_auto_merge_mutation" time="0.005" /><testcase classname=".orchestrator.test_github_bus.ApprovedTaskAutoMergeTests" name="test_arming_is_not_repeated_once_github_reports_it" time="0.004" /><testcase classname=".orchestrator.test_github_bus.ApprovedTaskAutoMergeTests" name="test_auto_merge_pr_fields_compatibility_with_gh_cli" time="0.101" /><testcase classname=".orchestrator.test_github_bus.ApprovedTaskAutoMergeTests" name="test_auto_merge_statuses_track_the_finalize_gate" time="0.001" /><testcase classname=".orchestrator.test_github_bus.ApprovedTaskAutoMergeTests" name="test_blocked_and_behind_prs_are_still_armed" time="0.006" /><testcase classname=".orchestrator.test_github_bus.ApprovedTaskAutoMergeTests" name="test_cloud_relay_is_safe_off_by_default" time="0.002" /><testcase classname=".orchestrator.test_github_bus.ApprovedTaskAutoMergeTests" name="test_cloud_relay_requires_explicit_enable" time="0.009" /><testcase classname=".orchestrator.test_github_bus.ApprovedTaskAutoMergeTests" name="test_config_switch_reads_branch_workflow_task_pr" time="0.001" /><testcase classname=".orchestrator.test_github_bus.ApprovedTaskAutoMergeTests" name="test_conflicting_pr_is_left_for_a_rebase" time="0.002" /><testcase classname=".orchestrator.test_github_bus.ApprovedTaskAutoMergeTests" name="test_draft_pr_is_undrafted_then_armed" time="0.003" /><testcase classname=".orchestrator.test_github_bus.ApprovedTaskAutoMergeTests" name="test_gh_failure_is_recorded_once_not_every_poll" time="0.005" /><testcase classname=".orchestrator.test_github_bus.ApprovedTaskAutoMergeTests" name="test_merge_queue_graphql_query_and_fetcher_schema" time="0.002" /><testcase classname=".orchestrator.test_github_bus.ApprovedTaskAutoMergeTests" name="test_merge_queue_movement_and_state_transition_are_audited" time="0.005" /><testcase classname=".orchestrator.test_github_bus.ApprovedTaskAutoMergeTests" name="test_merge_queue_readback_accepts_queued_pr_awaiting_checks" time="0.004" /><testcase classname=".orchestrator.test_github_bus.ApprovedTaskAutoMergeTests" name="test_merge_queue_readback_accepts_unmergeable_queue_state" time="0.002" /><testcase classname=".orchestrator.test_github_bus.ApprovedTaskAutoMergeTests" name="test_merge_queue_without_entry_detail_records_cleanly" time="0.003" /><testcase classname=".orchestrator.test_github_bus.ApprovedTaskAutoMergeTests" name="test_merged_pr_is_recorded_without_noise" time="0.002" /><testcase classname=".orchestrator.test_github_bus.ApprovedTaskAutoMergeTests" name="test_missing_pr_number_is_skipped_quietly" time="0.004" /><testcase classname=".orchestrator.test_github_bus.ApprovedTaskAutoMergeTests" name="test_offline_propagates_for_bus_backoff" time="0.004" /><testcase classname=".orchestrator.test_github_bus.ApprovedTaskAutoMergeTests" name="test_pr_against_the_default_branch_is_never_armed" time="0.003" /><testcase classname=".orchestrator.test_github_bus.ApprovedTaskAutoMergeTests" name="test_pr_already_in_merge_queue_skips_gh_merge_call" time="0.004" /><testcase classname=".orchestrator.test_github_bus.ApprovedTaskAutoMergeTests" name="test_pr_from_another_task_branch_is_never_armed" time="0.002" /><testcase classname=".orchestrator.test_github_bus.ApprovedTaskAutoMergeTests" name="test_pr_publish_and_auto_merge_have_one_owner_each" time="0.002" /><testcase classname=".orchestrator.test_github_bus.ApprovedTaskAutoMergeTests" name="test_ready_pr_is_armed_without_being_touched_first" time="0.002" /><testcase classname=".orchestrator.test_github_bus.ApprovedTaskAutoMergeTests" name="test_successful_mutation_readback_accepts_merged_pr" time="0.003" /><testcase classname=".orchestrator.test_github_bus.ApprovedTaskAutoMergeTests" name="test_sync_outbound_arms_approved_tasks_only" time="0.003" /><testcase classname=".orchestrator.test_github_bus.ApprovedTaskAutoMergeTests" name="test_sync_outbound_respects_the_config_switch" time="0.002" /><testcase classname=".orchestrator.test_github_bus.ApprovedTaskAutoMergeTests" name="test_zero_exit_without_armed_readback_fails_closed_and_retries" time="0.003" /><testcase classname=".orchestrator.test_github_bus.GhBinaryResolutionTests" name="test_returns_none_when_nothing_is_installed" time="0.002" /><testcase classname=".orchestrator.test_github_bus.GhBinaryResolutionTests" name="test_shim_is_used_only_when_no_real_cli_exists" time="0.003" /><testcase classname=".orchestrator.test_github_bus.GhBinaryResolutionTests" name="test_system_gh_wins_even_when_the_shim_is_present" time="0.004" /><testcase classname=".orchestrator.test_github_bus.ReconcilePrBodyTests" name="test_chinese_review_template_rendering" time="0.002" /><testcase classname=".orchestrator.test_github_bus.ReconcilePrBodyTests" name="test_handles_chinese_legacy_bus_template_without_end_marker" time="0.001" /><testcase classname=".orchestrator.test_github_bus.ReconcilePrBodyTests" name="test_handles_legacy_bus_template_without_end_marker" time="0.002" /><testcase classname=".orchestrator.test_github_bus.ReconcilePrBodyTests" name="test_preserves_both_prefix_and_suffix_content" time="0.001" /><testcase classname=".orchestrator.test_github_bus.ReconcilePrBodyTests" name="test_preserves_custom_human_body_without_markers" time="0.001" /><testcase classname=".orchestrator.test_github_bus.ReconcilePrBodyTests" name="test_preserves_suffix_content_below_bus_block" time="0.001" /><testcase classname=".orchestrator.test_github_bus.ReconcilePrBodyTests" name="test_reconcile_empty_or_none_uses_template" time="0.001" /><testcase classname=".orchestrator.test_github_bus.ReconcilePrBodyTests" name="test_reconcile_is_strictly_idempotent" time="0.001" /><testcase classname=".orchestrator.test_github_bus.ReconcilePrBodyTests" name="test_unrecognized_unclosed_block_fails_closed_and_preserves_body" time="0.001" /><testcase classname=".orchestrator.test_github_bus.ReconcilePrBodyTests" name="test_unrecognized_unclosed_block_with_prefix_fails_closed" time="0.001" /><testcase classname=".orchestrator.test_github_bus.ReconcilePrBodyTests" name="test_updates_bus_block_while_preserving_prefix_content" time="0.001" /><testcase classname=".orchestrator.test_github_bus.UpsertReviewPrPreserveBodyTests" name="test_upsert_review_pr_preserves_human_body_on_reconcile" time="0.008" /><testcase classname=".orchestrator.test_github_bus.MergeGroupReconciliationTests" name="test_classify_fresh_target_run_status_and_conclusion_permutations" time="0.901" /><testcase classname=".orchestrator.test_github_bus.MergeGroupReconciliationTests" name="test_compare_run_recency_is_tri_state" time="0.002" /><testcase classname=".orchestrator.test_github_bus.MergeGroupReconciliationTests" name="test_correlate_merge_group_task" time="0.001" /><testcase classname=".orchestrator.test_github_bus.MergeGroupReconciliationTests" name="test_fetch_commit_parent_shas_tri_state" time="0.002" /><testcase classname=".orchestrator.test_github_bus.MergeGroupReconciliationTests" name="test_fetch_merge_group_runs_distinguishes_empty_from_unanswered" time="0.003" /><testcase classname=".orchestrator.test_github_bus.MergeGroupReconciliationTests" name="test_fetch_merge_group_runs_propagates_offline" time="0.002" /><testcase classname=".orchestrator.test_github_bus.MergeGroupReconciliationTests" name="test_fetch_pr_queue_facts_offline_propagates_and_errors_are_unknown" time="0.002" /><testcase classname=".orchestrator.test_github_bus.MergeGroupReconciliationTests" name="test_find_superseding_run_ignores_sibling_run_of_the_failing_group" time="0.002" /><testcase classname=".orchestrator.test_github_bus.MergeGroupReconciliationTests" name="test_find_superseding_run_reports_unknown_association" time="0.002" /><testcase classname=".orchestrator.test_github_bus.MergeGroupReconciliationTests" name="test_is_valid_pr_facts" time="0.001" /><testcase classname=".orchestrator.test_github_bus.MergeGroupReconciliationTests" name="test_match_workflow_identity_is_tri_state" time="0.001" /><testcase classname=".orchestrator.test_github_bus.MergeGroupReconciliationTests" name="test_merge_group_incorporates_head_caches_commit_lookups" time="0.002" /><testcase classname=".orchestrator.test_github_bus.MergeGroupReconciliationTests" name="test_merge_group_incorporates_head_requires_direct_parenthood" time="0.002" /><testcase classname=".orchestrator.test_github_bus.MergeGroupReconciliationTests" name="test_merge_queue_reader_carries_pr_state_and_head" time="0.002" /><testcase classname=".orchestrator.test_github_bus.MergeGroupReconciliationTests" name="test_parse_merge_group_pr_number" time="0.002" /><testcase classname=".orchestrator.test_github_bus.MergeGroupReconciliationTests" name="test_parse_merge_group_rejects_bare_pr_ref" time="0.002" /><testcase classname=".orchestrator.test_github_bus.MergeGroupReconciliationTests" name="test_poll_merge_group_runs_integrates_with_gh_json" time="0.004" /><testcase classname=".orchestrator.test_github_bus.MergeGroupReconciliationTests" name="test_pr_is_merged_reads_every_merged_signal" time="0.001" /><testcase classname=".orchestrator.test_github_bus.MergeGroupReconciliationTests" name="test_pr_queue_identity_helper" time="0.001" /><testcase classname=".orchestrator.test_github_bus.MergeGroupReconciliationTests" name="test_pr_state_accepts_only_github_states" time="0.001" /><testcase classname=".orchestrator.test_github_bus.MergeGroupReconciliationTests" name="test_reconcile_merge_group_ambiguous_and_unparseable_produce_no_handoff" time="0.002" /><testcase classname=".orchestrator.test_github_bus.MergeGroupReconciliationTests" name="test_reconcile_merge_group_association_unknown_does_not_demote" time="0.002" /><testcase classname=".orchestrator.test_github_bus.MergeGroupReconciliationTests" name="test_reconcile_merge_group_base_parent_match_does_not_supersede_failure" time="0.004" /><testcase classname=".orchestrator.test_github_bus.MergeGroupReconciliationTests" name="test_reconcile_merge_group_candidate_missing_fields_is_unknown_not_demote" time="0.006" /><testcase classname=".orchestrator.test_github_bus.MergeGroupReconciliationTests" name="test_reconcile_merge_group_delayed_failure_for_previous_head_is_stale_and_non_mutating" time="0.002" /><testcase classname=".orchestrator.test_github_bus.MergeGroupReconciliationTests" name="test_reconcile_merge_group_different_pr_does_not_mask_genuine_failure" time="0.003" /><testcase classname=".orchestrator.test_github_bus.MergeGroupReconciliationTests" name="test_reconcile_merge_group_different_pr_head_does_not_mask_genuine_failure" time="0.002" /><testcase classname=".orchestrator.test_github_bus.MergeGroupReconciliationTests" name="test_reconcile_merge_group_different_workflow_does_not_mask_genuine_failure" time="0.003" /><testcase classname=".orchestrator.test_github_bus.MergeGroupReconciliationTests" name="test_reconcile_merge_group_duplicate_is_strictly_idempotent" time="0.002" /><testcase classname=".orchestrator.test_github_bus.MergeGroupReconciliationTests" name="test_reconcile_merge_group_empty_or_invalid_pr_node_does_not_demote" time="0.009" /><testcase classname=".orchestrator.test_github_bus.MergeGroupReconciliationTests" name="test_reconcile_merge_group_enrolled_pr_still_stale_when_new_group_proven" time="0.002" /><testcase classname=".orchestrator.test_github_bus.MergeGroupReconciliationTests" name="test_reconcile_merge_group_exact_sha_no_prefix_match" time="0.002" /><testcase classname=".orchestrator.test_github_bus.MergeGroupReconciliationTests" name="test_reconcile_merge_group_facts_b_head_drift_does_not_demote" time="0.002" /><testcase classname=".orchestrator.test_github_bus.MergeGroupReconciliationTests" name="test_reconcile_merge_group_facts_b_merged_is_stale_and_non_mutating" time="0.005" /><testcase classname=".orchestrator.test_github_bus.MergeGroupReconciliationTests" name="test_reconcile_merge_group_facts_b_newly_enrolled_drift_does_not_demote" time="0.003" /><testcase classname=".orchestrator.test_github_bus.MergeGroupReconciliationTests" name="test_reconcile_merge_group_facts_b_position_movement_alone_is_not_drift" time="0.003" /><testcase classname=".orchestrator.test_github_bus.MergeGroupReconciliationTests" name="test_reconcile_merge_group_facts_b_queue_generation_drift_does_not_demote" time="0.002" /><testcase classname=".orchestrator.test_github_bus.MergeGroupReconciliationTests" name="test_reconcile_merge_group_facts_b_unavailable_does_not_demote" time="0.002" /><testcase classname=".orchestrator.test_github_bus.MergeGroupReconciliationTests" name="test_reconcile_merge_group_failure_clears_and_reemits_pending_review_gate" time="0.003" /><testcase classname=".orchestrator.test_github_bus.MergeGroupReconciliationTests" name="test_reconcile_merge_group_failure_creates_audit_log_and_recovery_handoff" time="0.003" /><testcase classname=".orchestrator.test_github_bus.MergeGroupReconciliationTests" name="test_reconcile_merge_group_failure_normalize_handoffs_preserves_reviewer_recovery" time="0.005" /><testcase classname=".orchestrator.test_github_bus.MergeGroupReconciliationTests" name="test_reconcile_merge_group_failure_stale_snapshot_reject_does_not_mark_run_processed" time="0.002" /><testcase classname=".orchestrator.test_github_bus.MergeGroupReconciliationTests" name="test_reconcile_merge_group_in_progress_waits_for_completion" time="0.001" /><testcase classname=".orchestrator.test_github_bus.MergeGroupReconciliationTests" name="test_reconcile_merge_group_missing_approved_head_does_not_demote" time="0.002" /><testcase classname=".orchestrator.test_github_bus.MergeGroupReconciliationTests" name="test_reconcile_merge_group_newer_group_for_advanced_head_does_not_mask_failure" time="0.003" /><testcase classname=".orchestrator.test_github_bus.MergeGroupReconciliationTests" name="test_reconcile_merge_group_pr_already_merged_is_stale_and_non_mutating" time="0.002" /><testcase classname=".orchestrator.test_github_bus.MergeGroupReconciliationTests" name="test_reconcile_merge_group_pr_closed_unmerged_is_stale_and_non_mutating" time="0.002" /><testcase classname=".orchestrator.test_github_bus.MergeGroupReconciliationTests" name="test_reconcile_merge_group_pr_facts_unavailable_does_not_demote" time="0.002" /><testcase classname=".orchestrator.test_github_bus.MergeGroupReconciliationTests" name="test_reconcile_merge_group_queue_enrollment_alone_does_not_mask_failure" time="0.002" /><testcase classname=".orchestrator.test_github_bus.MergeGroupReconciliationTests" name="test_reconcile_merge_group_reads_each_api_once_per_batch" time="0.003" /><testcase classname=".orchestrator.test_github_bus.MergeGroupReconciliationTests" name="test_reconcile_merge_group_runs_snapshot_unavailable_does_not_demote" time="0.003" /><testcase classname=".orchestrator.test_github_bus.MergeGroupReconciliationTests" name="test_reconcile_merge_group_stale_blocked_preserves_task_and_handoffs" time="0.001" /><testcase classname=".orchestrator.test_github_bus.MergeGroupReconciliationTests" name="test_reconcile_merge_group_stale_event_produces_no_handoff" time="0.005" /><testcase classname=".orchestrator.test_github_bus.MergeGroupReconciliationTests" name="test_reconcile_merge_group_stale_in_progress_preserves_task_and_handoffs" time="0.001" /><testcase classname=".orchestrator.test_github_bus.MergeGroupReconciliationTests" name="test_reconcile_merge_group_success_has_no_side_effects" time="0.002" /><testcase classname=".orchestrator.test_github_bus.MergeGroupReconciliationTests" name="test_reconcile_merge_group_superseded_by_pending_run_is_stale_and_non_mutating" time="0.004" /><testcase classname=".orchestrator.test_github_bus.MergeGroupReconciliationTests" name="test_reconcile_merge_group_superseded_by_success_run_is_stale_and_non_mutating" time="0.0
[...]
e classname="tests.tooling.test_git_task_scripts" name="test_valid_message_passes" time="0.002" /><testcase classname="tests.tooling.test_git_task_scripts" name="test_missing_trailers_are_reported" time="0.002" /><testcase classname="tests.tooling.test_git_task_scripts" name="test_reviewer_equal_to_owner_is_rejected" time="0.002" /><testcase classname="tests.tooling.test_git_task_scripts" name="test_overlong_subject_is_rejected" time="0.002" /><testcase classname="tests.tooling.test_git_task_scripts" name="test_validate_message_allows_long_subject_when_subject_length_limit_disabled" time="0.002" /><testcase classname="tests.tooling.test_git_task_scripts" name="test_subject_must_start_with_task_id" time="0.002" /><testcase classname="tests.tooling.test_git_task_scripts" name="test_mismatched_task_id_trailer_is_rejected" time="0.002" /><testcase classname="tests.tooling.test_git_task_scripts" name="test_maintenance_subjects_skip_the_check[Merge pull request #1 from x]" time="0.002" /><testcase classname="tests.tooling.test_git_task_scripts" name="test_maintenance_subjects_skip_the_check[Revert &quot;a change&quot;]" time="0.002" /><testcase classname="tests.tooling.test_git_task_scripts" name="test_maintenance_subjects_skip_the_check[promote: dev to main]" time="0.002" /><testcase classname="tests.tooling.test_git_task_scripts" name="test_maintenance_subjects_skip_the_check[OPS-DOC-1: tidy]" time="0.002" /><testcase classname="tests.tooling.test_git_task_scripts" name="test_cross_dir_trailer_required_past_threshold" time="0.002" /><testcase classname="tests.tooling.test_git_task_scripts" name="test_comment_lines_are_ignored" time="0.002" /><testcase classname="tests.tooling.test_git_task_scripts" name="test_worker_commit_commits_only_declared_scope" time="0.314" /><testcase classname="tests.tooling.test_git_task_scripts" name="test_worker_commit_ignores_stale_staging_from_another_lane" time="0.321" /><testcase classname="tests.tooling.test_git_task_scripts" name="test_worker_commit_refuses_whole_worktree_scope" time="0.179" /><testcase classname="tests.tooling.test_git_task_scripts" name="test_worker_commit_refuses_protected_branch" time="0.184" /><testcase classname="tests.tooling.test_git_task_scripts" name="test_worker_commit_refuses_empty_commit" time="0.219" /><testcase classname="tests.tooling.test_git_task_scripts" name="test_worker_commit_refuses_bad_message" time="0.217" /><testcase classname="tests.tooling.test_git_task_scripts" name="test_worker_commit_refuses_overlong_subject" time="0.191" /><testcase classname="tests.tooling.test_git_task_scripts" name="test_worker_commit_uses_the_requested_index_file" time="0.219" /><testcase classname="tests.tooling.test_git_task_scripts" name="test_worker_commit_dry_run_makes_no_commit" time="0.211" /><testcase classname="tests.tooling.test_git_task_scripts" name="test_task_start_refuses_to_create_branch_outside_worker_manager" time="0.114" /><testcase classname="tests.tooling.test_git_task_scripts" name="test_task_start_is_idempotent" time="0.112" /><testcase classname="tests.tooling.test_git_task_scripts" name="test_task_start_refuses_dirty_tracked_tree" time="0.122" /><testcase classname="tests.tooling.test_git_task_scripts" name="test_task_start_ignores_untracked_state_mirrors" time="0.105" /><testcase classname="tests.tooling.test_git_task_scripts" name="test_task_start_refuses_to_attach_existing_branch_outside_worker_manager" time="0.119" /><testcase classname="tests.tooling.test_git_task_scripts" name="test_task_start_requires_a_task_id" time="0.094" /><testcase classname="tests.tooling.test_git_task_scripts" name="test_task_finalize_dry_run_plans_publish_without_auto_merge" time="0.491" /><testcase classname="tests.tooling.test_git_task_scripts" name="test_task_finalize_rejects_retired_no_auto_merge_flag" time="0.218" /><testcase classname="tests.tooling.test_git_task_scripts" name="test_task_finalize_refuses_wrong_branch" time="0.100" /><testcase classname="tests.tooling.test_git_task_scripts" name="test_task_finalize_refuses_uncommitted_changes" time="0.394" /><testcase classname="tests.tooling.test_git_task_scripts" name="test_task_finalize_rejects_head_that_done_cannot_close[fix: missing task id-subject must start with the task id 'ODP-TEST-001']" time="0.360" /><testcase classname="tests.tooling.test_git_task_scripts" name="test_task_finalize_rejects_head_that_done_cannot_close[ODP-TEST-001: missing metadata-missing required trailer 'LLM-Agent:']" time="0.408" /><testcase classname="tests.tooling.test_git_task_scripts" name="test_task_finalize_rejects_head_that_done_cannot_close[ODP-TEST-001: wrong task metadata\n\nLLM-Agent: Claude\nTask-ID: OTHER\nReviewer: Antigravity\n-Task-ID trailer 'OTHER' does not match 'ODP-TEST-001']" time="0.355" /><testcase classname="tests.tooling.test_git_task_scripts" name="test_task_finalize_allows_historical_commit_with_long_subject" time="0.464" /><testcase classname="tests.tooling.test_git_task_scripts" name="test_task_finalize_refuses_a_branch_whose_own_python_fails_lint" time="0.586" /><testcase classname="tests.tooling.test_git_task_scripts" name="test_task_finalize_lint_preflight_ignores_files_the_branch_did_not_touch" time="0.604" /><testcase classname="tests.tooling.test_git_task_scripts" name="test_task_finalize_refuses_every_untracked_owner_artifact" time="0.354" /><testcase classname="tests.tooling.test_git_task_scripts" name="test_task_finalize_refuses_an_untracked_nested_script" time="0.356" /><testcase classname="tests.tooling.test_git_task_scripts" name="test_task_finalize_allows_a_committed_root_level_fix_script" time="0.569" /><testcase classname="tests.tooling.test_git_task_scripts" name="test_task_finalize_reports_already_merged_branch" time="0.289" /><testcase classname="tests.tooling.test_git_task_scripts" name="test_task_finalize_requires_a_task_id" time="0.107" /><testcase classname="tests.tooling.test_git_task_scripts" name="test_shell_scripts_parse_and_are_executable[delivery_toolchain/git/task_start.sh]" time="0.007" /><testcase classname="tests.tooling.test_git_task_scripts" name="test_shell_scripts_parse_and_are_executable[delivery_toolchain/git/task_finalize.sh]" time="0.007" /><testcase classname="tests.tooling.test_git_task_scripts" name="test_shell_scripts_parse_and_are_executable[delivery_toolchain/git/install_hooks.sh]" time="0.006" /><testcase classname="tests.tooling.test_git_task_scripts" name="test_shell_scripts_parse_and_are_executable[.githooks/commit-msg]" time="0.006" /><testcase classname="tests.tooling.test_git_task_scripts" name="test_commit_msg_hook_blocks_a_bad_message" time="0.316" /><testcase classname="tests.tooling.test_git_task_scripts" name="test_commit_msg_hook_blocks_overlong_subject" time="0.200" /><testcase classname="tests.tooling.test_pr_merge_eligibility" name="test_positive_merge_eligible" time="0.006" /><testcase classname="tests.tooling.test_pr_merge_eligibility" name="test_negative_review_rejected_ci_green" time="0.006" /><testcase classname="tests.tooling.test_pr_merge_eligibility" name="test_negative_review_approved_one_failed_check" time="0.004" /><testcase classname="tests.tooling.test_pr_merge_eligibility" name="test_negative_review_approved_one_pending_check" time="0.004" /><testcase classname="tests.tooling.test_pr_merge_eligibility" name="test_fail_closed_unresolved_reviewer" time="0.005" /><testcase classname="tests.tooling.test_pr_merge_eligibility" name="test_missing_config_does_not_fall_back_to_neighboring_example" time="0.006" /><testcase classname="tests.tooling.test_pr_merge_eligibility" name="test_fail_closed_unresolved_task" time="0.004" /><testcase classname="tests.tooling.test_pr_merge_eligibility" name="test_fail_closed_non_review_approved_status" time="0.006" /><testcase classname="tests.tooling.test_pr_merge_eligibility" name="test_non_task_branch_fail_closed" time="0.004" /><testcase classname="tests.tooling.test_pr_merge_eligibility" name="test_dev_branch_skip_success" time="0.004" /><testcase classname="tests.tooling.test_pr_merge_eligibility" name="test_status_context_success" time="0.004" /><testcase classname="tests.tooling.test_pr_merge_eligibility" name="test_fallback_to_canonical_status_on_missing_github_review" time="0.006" /><testcase classname="tests.tooling.test_product_e2e_bootstrap_contract" name="test_bootstrap_script_exists_and_executable" time="0.002" /><testcase classname="tests.tooling.test_product_e2e_bootstrap_contract" name="test_prerequisites_check_script_exists_and_executable" time="0.001" /><testcase classname="tests.tooling.test_product_e2e_bootstrap_contract" name="test_prerequisites_check_passes_in_ready_env" time="0.002" /><testcase classname="tests.tooling.test_product_e2e_bootstrap_contract" name="test_prerequisites_fail_closed_when_node_missing" time="0.002" /><testcase classname="tests.tooling.test_product_e2e_bootstrap_contract" name="test_prerequisites_fail_closed_when_npm_missing" time="0.002" /><testcase classname="tests.tooling.test_product_e2e_bootstrap_contract" name="test_prerequisites_fail_closed_on_missing_host_dependencies" time="0.003" /><testcase classname="tests.tooling.test_product_e2e_bootstrap_contract" name="test_runner_executes_preflight_before_services_and_receipts" time="0.001" /><testcase classname="tests.tooling.test_product_e2e_bootstrap_contract" name="test_makefile_has_product_e2e_bootstrap_target" time="0.001" /><testcase classname="tests.tooling.test_product_e2e_bootstrap_contract" name="test_ci_workflow_uses_unified_bootstrap_target" time="0.037" /><testcase classname="tests.tooling.test_product_e2e_bootstrap_contract" name="test_main_succeeds_when_prerequisites_met" time="0.002" /><testcase classname="tests.tooling.test_product_e2e_bootstrap_contract" name="test_main_fails_when_prerequisites_missing" time="0.002" /><testcase classname="tests.tooling.test_staging_iac_ci_collection.StagingIaCCIWorkflowCollectionTests" name="test_orchestrator_job_exists_and_runs_without_scope_skip" time="0.035" /><testcase classname="tests.tooling.test_staging_iac_ci_collection.StagingIaCCIWorkflowCollectionTests" name="test_orchestrator_job_has_pinned_terraform_setup_step" time="0.034" /><testcase classname="tests.tooling.test_staging_iac_ci_collection.StagingIaCCIWorkflowCollectionTests" name="test_orchestrator_job_lints_infra_code" time="0.034" /><testcase classname="tests.tooling.test_staging_iac_ci_collection.StagingIaCCIWorkflowCollectionTests" name="test_orchestrator_pytest_targets_cover_the_ephemeral_staging_suite" time="0.035" /><testcase classname="tests.tooling.test_staging_iac_ci_collection.StagingIaCTerraformPinTests" name="test_ci_plans_with_the_pinned_terraform" time="0.134" /><testcase classname="tests.tooling.test_staging_iac_ci_collection.StagingIaCTerraformPinTests" name="test_terraform_version_is_pinned_to_an_exact_release" time="0.061" /><testcase classname="tests.tooling.test_staging_iac_ci_collection.StagingIaCTerraformPinTests" name="test_the_job_that_installs_terraform_is_the_one_that_runs_the_probes" time="0.060" /><testcase classname="tests.tooling.test_staging_iac_ci_collection.StagingIaCPyprojectConfigTests" name="test_pyproject_testpaths_includes_infra" time="0.003" /><testcase classname="tests.tooling.test_staging_iac_ci_collection.StagingIaCChangeScopeClassificationTests" name="test_infra_terraform_changes_are_classified_as_development_tooling" time="0.002" /><testcase classname="tests.tooling.test_staging_iac_ci_collection.EphemeralStagingTestCollectionIntegrityTests" name="test_all_18_contract_and_plan_tests_defined" time="0.012" /><testcase classname="tests.tooling.test_staging_iac_ci_collection.EphemeralStagingTestCollectionIntegrityTests" name="test_ephemeral_staging_fails_closed_in_ci_when_terraform_missing" time="0.003" /><testcase classname="tests.tooling.test_staging_iac_ci_collection.EphemeralStagingTestCollectionIntegrityTests" name="test_ephemeral_staging_test_file_exists" time="0.002" /><testcase classname="tests.tooling.test_staging_iac_ci_collection.PytestSelectionParsingTests" name="test_every_token_after_pytest_is_preserved_verbatim" time="0.002" /><testcase classname="tests.tooling.test_staging_iac_ci_collection.PytestSelectionParsingTests" name="test_selection_narrowing_options_reach_args" time="0.002" /><testcase classname="tests.tooling.test_staging_iac_ci_collection.PytestSelectionParsingTests" name="test_targets_are_a_lossy_reading_and_exclude_option_values" time="0.002" /><testcase classname="tests.tooling.test_staging_iac_ci_collection.PytestSelectionParsingTests" name="test_with_marker_appends_when_the_line_has_no_marker" time="0.002" /><testcase classname="tests.tooling.test_staging_iac_ci_collection.PytestSelectionParsingTests" name="test_with_marker_swaps_only_the_marker" time="0.002" /><testcase classname="tests.tooling.test_staging_iac_ci_collection.StagingIaCCollectionExecutionTests" name="test_ci_selection_collects_every_ephemeral_staging_test" time="12.345" /><testcase classname="tests.tooling.test_staging_iac_ci_collection.StagingIaCCollectionExecutionTests" name="test_the_collection_probe_can_actually_observe_an_empty_selection" time="10.600" /><testcase classname="tests.tooling.test_staging_iac_ci_collection.StagingIaCCollectionExecutionTests" name="test_the_probe_replays_an_exclusion_that_empties_the_suite" time="10.423" /><testcase classname="tests.tooling.test_staging_iac_ci_collection.EphemeralStagingOfflineHarnessTests" name="test_credential_environment_is_stripped_for_terraform" time="0.002" /><testcase classname="tests.tooling.test_staging_iac_ci_collection.EphemeralStagingOfflineHarnessTests" name="test_harness_refuses_state_changing_terraform_subcommands" time="0.002" /><testcase classname="tests.tooling.test_staging_iac_ci_collection.EphemeralStagingOfflineHarnessTests" name="test_terraform_init_never_configures_a_remote_backend" time="0.002" /><testcase classname="tests.tooling.test_staging_iac_ci_collection.EphemeralStagingOfflineHarnessTests" name="test_the_offline_override_stays_out_of_the_production_module" time="0.003" /><testcase classname="tests.tooling.test_task_finalize_status_root.StatusRootOverrideTests" name="test_it_still_defaults_to_the_local_root" time="0.002" /><testcase classname="tests.tooling.test_task_finalize_status_root.StatusRootOverrideTests" name="test_no_bare_root_status_submit_remains" time="0.002" /><testcase classname="tests.tooling.test_task_finalize_status_root.StatusRootOverrideTests" name="test_the_status_submit_honours_the_status_root_override" time="0.001" /><testcase classname="infra.terraform.tests.test_contract.TerraformProductionContractTests" name="test_external_provider_variables_are_rejected" time="0.025" /><testcase classname="infra.terraform.tests.test_contract.TerraformProductionContractTests" name="test_missing_resource_token_is_rejected" time="0.020" /><testcase classname="infra.terraform.tests.test_contract.TerraformProductionContractTests" name="test_network_cidr_rfc1918_validation_rejects_public_cidrs" time="0.002" /><testcase classname="infra.terraform.tests.test_contract.TerraformProductionContractTests" name="test_plaintext_database_url_output_is_rejected" time="0.023" /><testcase classname="infra.terraform.tests.test_contract.TerraformProductionContractTests" name="test_repository_contract_passes" time="0.021" /><testcase classname="infra.terraform.tests.test_contract.TerraformProductionContractTests" name="test_router_nat_resource_is_rejected" time="0.032" /><testcase classname="infra.terraform.tests.test_contract.TerraformProductionContractTests" name="test_runtime_egress_ip_or_nat_output_is_rejected" time="0.032" /><testcase classname="infra.terraform.tests.test_contract.TerraformProductionContractTests" name="test_tampered_allow_private_egress_is_rejected" time="0.034" /><testcase classname="infra.terraform.tests.test_contract.TerraformProductionContractTests" name="test_tampered_allow_restricted_google_apis_is_rejected" time="0.034" /><testcase classname="infra.terraform.tests.test_contract.TerraformProductionContractTests" name="test_tampered_deny_all_egress_firewall_is_rejected" time="0.034" /><testcase classname="infra.terraform.tests.test_contract.TerraformProductionContractTests" name="test_tampered_live_data_enabled_description_is_rejected" time="0.036" /><testcase classname="infra.terraform.tests.test_contract.TerraformProductionContractTests" name="test_tampered_network_cidr_public_ip_is_rejected" time="0.031" /><testcase classname="infra.terraform.tests.test_contract.TerraformProductionContractTests" name="test_unbalanced_hcl_is_rejected" time="0.001" /><testcase classname="infra.terraform.tests.test_contract.TerraformProductionContractTests" name="test_unexpected_egress_firewall_is_rejected" time="0.026" /><testcase classname="infra.terraform.tests.test_ephemeral_staging.EphemeralStagingModuleContractTests" name="test_all_release_scoped_cloud_run_resources_use_controlled_vpc_egress" time="0.002" /><testcase classname="infra.terraform.tests.test_ephemeral_staging.EphemeralStagingModuleContractTests" name="test_creation_and_owner_inputs_are_required" time="0.001" /><testcase classname="infra.terraform.tests.test_ephemeral_staging.EphemeralStagingModuleContractTests" name="test_cross_implementation_tenant_and_owner_normalization" time="0.002" /><testcase classname="infra.terraform.tests.test_ephemeral_staging.EphemeralStagingModuleContractTests" name="test_ephemeral_staging_module_structure_and_tokens" time="0.006" /><testcase classname="infra.terraform.tests.test_ephemeral_staging.EphemeralStagingModuleContractTests" name="test_mandatory_labels_win_over_additional_labels" time="0.002" /><testcase classname="infra.terraform.tests.test_ephemeral_staging.EphemeralStagingModuleContractTests" name="test_module_contains_isolated_resources" time="0.002" /><testcase classname="infra.terraform.tests.test_ephemeral_staging.EphemeralStagingModuleContractTests" name="test_module_no_dynamic_timestamp_leak" time="0.003" /><testcase classname="infra.terraform.tests.test_ephemeral_staging.EphemeralStagingModuleContractTests" name="test_module_outputs_do_not_leak_secrets" time="0.001" /><testcase classname="infra.terraform.tests.test_ephemeral_staging.EphemeralStagingModuleContractTests" name="test_module_variables_validation_rules" time="0.001" /><testcase classname="infra.terraform.tests.test_ephemeral_staging.EphemeralStagingModuleContractTests" name="test_provider_configuration_and_resource_projects" time="0.001" /><testcase classname="infra.terraform.tests.test_ephemeral_staging.EphemeralStagingModuleContractTests" name="test_release_and_owner_identity_matches_python_normalization_order" time="0.001" /><testcase classname="infra.terraform.tests.test_ephemeral_staging.EphemeralStagingModuleContractTests" name="test_scheduler_worker_invoker_iam_binding" time="0.001" /><testcase classname="infra.terraform.tests.test_ephemeral_staging.EphemeralStagingModuleContractTests" name="test_tenant_isolation_contract" time="0.002" /><testcase classname="infra.terraform.tests.test_ephemeral_staging.EphemeralStagingModuleContractTests" name="test_terraform_standalone_plan_guards_future_timestamp_and_accepts_valid" time="8.768" /><testcase classname="infra.terraform.tests.test_ephemeral_staging.EphemeralStagingDefaultTenantPlanTests" name="test_default_generated_tfvars_plan_succeeds_with_derived_tenant" time="6.416" /><testcase classname="infra.terraform.tests.test_ephemeral_staging.EphemeralStagingDefaultTenantPlanTests" name="test_explicit_tenant_still_wins_over_the_derived_one" time="2.697" /><testcase classname="infra.terraform.tests.test_ephemeral_staging.EphemeralStagingDefaultTenantPlanTests" name="test_plan_tolerates_an_explicitly_empty_tenant_id" time="3.206" /><testcase classname="infra.terraform.tests.test_ephemeral_staging.EphemeralStagingDefaultTenantPlanTests" name="test_terraform_and_python_derive_the_same_bounded_tenant" time="2.912" /></testsuite></testsuites>