<?xml version="1.0" encoding="utf-8"?><testsuites name="pytest tests"><testsuite name="pytest" errors="0" failures="0" skipped="0" tests="245" time="4.688" timestamp="2026-09-12T14:51:10.836699+00:00" hostname="oday-dev-box.c.alfaloop-data-project-2.internal"><testcase classname=".orchestrator.test_account_pool_admission" name="test_clear_during_adapter_delivery_cannot_relabel_preclear_worker" time="0.009" /><testcase classname=".orchestrator.test_account_pool_admission" name="test_dispatch_auth_snapshot_precedes_adapter_delivery" time="0.005" /><testcase classname=".orchestrator.test_account_pool_admission" name="test_canary_cannot_promote_sibling_recovery_created_after_dispatch" time="0.005" /><testcase classname=".orchestrator.test_runtime_state.LoadRuntimeStateTests" name="test_concurrent_auxiliary_save_cannot_roll_back_weighted_cursor" time="0.002" /><testcase classname=".orchestrator.test_runtime_state.LoadRuntimeStateTests" name="test_enqueue_event_owns_envelope_defaults_and_storage" time="0.002" /><testcase classname=".orchestrator.test_runtime_state.LoadRuntimeStateTests" name="test_enqueue_event_rejects_invalid_envelope_before_writing" time="0.001" /><testcase classname=".orchestrator.test_runtime_state.LoadRuntimeStateTests" name="test_equal_cursor_revision_prefers_durable_disk_snapshot" time="0.001" /><testcase classname=".orchestrator.test_runtime_state.LoadRuntimeStateTests" name="test_load_runtime_state_drops_retired_chair_scheduler_state" time="0.002" /><testcase classname=".orchestrator.test_runtime_state.LoadRuntimeStateTests" name="test_load_runtime_state_drops_suspended_worker_without_queue_event" time="0.002" /><testcase classname=".orchestrator.test_runtime_state.LoadRuntimeStateTests" name="test_load_runtime_state_keeps_suspended_worker_with_live_queue_event" time="0.002" /><testcase classname=".orchestrator.test_runtime_state.LoadRuntimeStateTests" name="test_load_runtime_state_preserves_watchdog_safe_mode" time="0.002" /><testcase classname=".orchestrator.test_runtime_state.LoadRuntimeStateTests" name="test_malformed_revision_and_future_timestamp_cannot_pin_cursor" time="0.001" /><testcase classname=".orchestrator.test_runtime_state.LoadRuntimeStateTests" name="test_newer_cursor_revision_wins_with_equal_wall_clock_timestamp" time="0.001" /><testcase classname=".orchestrator.test_runtime_state.LoadRuntimeStateTests" name="test_ready_dispatch_cursor_migrates_legacy_state_and_fails_safe" time="0.005" /><testcase classname=".orchestrator.test_runtime_state.LoadRuntimeStateTests" name="test_ready_dispatch_cursor_survives_save_and_reload" time="0.009" /><testcase classname=".orchestrator.test_runtime_state.LoadRuntimeStateTests" name="test_replace_event_queue_preserves_events_appended_after_snapshot" time="0.006" /><testcase classname=".orchestrator.test_runtime_state.LoadRuntimeStateTests" name="test_save_does_not_resurrect_queue_record_pruned_from_canonical_queue" time="0.007" /><testcase classname=".orchestrator.test_runtime_state.LoadRuntimeStateTests" name="test_save_does_not_resurrect_reaped_manual_pending_worker" time="0.007" /><testcase classname=".orchestrator.test_runtime_state.LoadRuntimeStateTests" name="test_save_does_not_resurrect_trimmed_terminal_worker_history" time="0.008" /><testcase classname=".orchestrator.test_runtime_state.LoadRuntimeStateTests" name="test_save_preserves_concurrently_added_canonical_queue_record" time="0.008" /><testcase classname=".orchestrator.test_runtime_state.LoadRuntimeStateTests" name="test_save_retains_concurrent_active_worker_while_compacting_history" time="0.008" /><testcase classname=".orchestrator.test_runtime_state.LoadRuntimeStateTests" name="test_stale_auxiliary_save_composes_worker_and_queue_with_disk_cursor" time="0.012" /><testcase classname=".orchestrator.test_runtime_state.ActiveWorkerStatusFloorTests" name="test_configuration_can_still_add" time="0.001" /><testcase classname=".orchestrator.test_runtime_state.ActiveWorkerStatusFloorTests" name="test_configured_list_cannot_drop_below_the_floor" time="0.002" /><testcase classname=".orchestrator.test_runtime_state.QuotaRecoveryRuntimeStateTests" name="test_alias_clear_with_existing_legacy_pause_preserves_new_group_failure" time="0.027" /><testcase classname=".orchestrator.test_runtime_state.QuotaRecoveryRuntimeStateTests" name="test_blind_clear_does_not_erase_new_failure_in_same_second" time="0.025" /><testcase classname=".orchestrator.test_runtime_state.QuotaRecoveryRuntimeStateTests" name="test_delayed_old_clear_does_not_replace_newer_failure_clear" time="0.034" /><testcase classname=".orchestrator.test_runtime_state.QuotaRecoveryRuntimeStateTests" name="test_disk_canary_success_survives_stale_recovering_writer" time="0.021" /><testcase classname=".orchestrator.test_runtime_state.QuotaRecoveryRuntimeStateTests" name="test_disk_clear_preserves_shared_auth_canary_fence" time="0.015" /><testcase classname=".orchestrator.test_runtime_state.QuotaRecoveryRuntimeStateTests" name="test_distinct_failure_run_survives_stale_clear_same_second" time="0.044" /><testcase classname=".orchestrator.test_runtime_state.QuotaRecoveryRuntimeStateTests" name="test_interleaved_save_runtime_state_prevents_lost_clear_resurrection" time="0.021" /><testcase classname=".orchestrator.test_runtime_state.QuotaRecoveryRuntimeStateTests" name="test_merge_runtime_states_account_pool_new_generation_wins" time="0.002" /><testcase classname=".orchestrator.test_runtime_state.QuotaRecoveryRuntimeStateTests" name="test_merge_runtime_states_account_pool_recovering_wins_over_stale_cooldown" time="0.002" /><testcase classname=".orchestrator.test_runtime_state.QuotaRecoveryRuntimeStateTests" name="test_merge_runtime_states_drops_stale_dispatch_pause_after_clearance" time="0.002" /><testcase classname=".orchestrator.test_runtime_state.QuotaRecoveryRuntimeStateTests" name="test_merge_runtime_states_preserves_concurrent_new_pause_on_disk" time="0.002" /><testcase classname=".orchestrator.test_runtime_state.QuotaRecoveryRuntimeStateTests" name="test_merge_runtime_states_preserves_new_failure_after_clearance" time="0.002" /><testcase classname=".orchestrator.test_runtime_state.QuotaRecoveryRuntimeStateTests" name="test_multi_clear_earlier_clear_survives_later_clear_and_stale_writer" time="0.032" /><testcase classname=".orchestrator.test_runtime_state.QuotaRecoveryRuntimeStateTests" name="test_new_failure_epoch_survives_stale_clear_pool_merge_both_save_orders" time="0.046" /><testcase classname=".orchestrator.test_runtime_state.QuotaRecoveryRuntimeStateTests" name="test_post_canary_new_failure_survives_equal_generation_recovery" time="0.030" /><testcase classname=".orchestrator.test_runtime_state.QuotaRecoveryRuntimeStateTests" name="test_same_second_new_failure_survives_later_old_snapshot_save" time="0.023" /><testcase classname=".orchestrator.test_runtime_state.QuotaRecoveryRuntimeStateTests" name="test_same_second_new_run_failure_survives_clear" time="0.014" /><testcase classname=".orchestrator.test_runtime_state.QuotaRecoveryRuntimeStateTests" name="test_stale_clear_preserves_concurrent_new_failure_saved_before_clear" time="0.018" /><testcase classname=".orchestrator.test_runtime_state.QuotaRecoveryRuntimeStateTests" name="test_task_failure_streak_reset_survives_save" time="0.010" /><testcase classname=".orchestrator.test_runtime_state" name="test_cleared_old_run_cooldown_cannot_resurrect_after_new_run_also_cleared[False]" time="0.038" /><testcase classname=".orchestrator.test_runtime_state" name="test_cleared_old_run_cooldown_cannot_resurrect_after_new_run_also_cleared[True]" time="0.038" /><testcase classname=".orchestrator.test_runtime_state" name="test_own_pool_success_requires_current_dispatch_auth[auth-a-auth-a]" time="0.002" /><testcase classname=".orchestrator.test_runtime_state" name="test_own_pool_success_requires_current_dispatch_auth[auth-b-auth-a]" time="0.003" /><testcase classname=".orchestrator.test_runtime_state" name="test_own_pool_success_requires_current_dispatch_auth[auth-b-auth-b]" time="0.003" /><testcase classname=".orchestrator.test_runtime_state" name="test_late_failure_does_not_fence_new_auth_sibling[auth-a]" time="0.002" /><testcase classname=".orchestrator.test_runtime_state" name="test_late_failure_does_not_fence_new_auth_sibling[auth-b]" time="0.005" /><testcase classname=".orchestrator.test_runtime_state" name="test_clear_does_not_restore_auth_cooldown_from_pre_failure_writer[False-quota_terminal]" time="0.028" /><testcase classname=".orchestrator.test_runtime_state" name="test_clear_does_not_restore_auth_cooldown_from_pre_failure_writer[True-quota_terminal]" time="0.029" /><testcase classname=".orchestrator.test_common.ConfigContractTests" name="test_dynamic_agent_name_still_validates_agent_fields" time="0.206" /><testcase classname=".orchestrator.test_common.ConfigContractTests" name="test_explicit_overlay_is_deep_merged_by_the_canonical_loader" time="0.002" /><testcase classname=".orchestrator.test_common.ConfigContractTests" name="test_json_comments_are_rejected_in_runtime_config" time="0.003" /><testcase classname=".orchestrator.test_common.ConfigContractTests" name="test_missing_runtime_config_never_falls_back_to_example" time="0.001" /><testcase classname=".orchestrator.test_common.ConfigContractTests" name="test_retired_worker_tree_guard_is_dropped_before_validation" time="0.002" /><testcase classname=".orchestrator.test_common.ConfigContractTests" name="test_runtime_config_environment_selects_the_same_config_for_helpers" time="0.002" /><testcase classname=".orchestrator.test_common.ConfigContractTests" name="test_unknown_fixed_key_fails_closed" time="0.002" /><testcase classname=".orchestrator.test_common.FailureSummaryTests" name="test_summarize_failure_reason_treats_claude_credit_balance_as_quota" time="0.002" /><testcase classname=".orchestrator.test_common.FailureSummaryTests" name="test_summarize_failure_reason_treats_codex_config_parse_as_provider_config" time="0.001" /><testcase classname=".orchestrator.test_common.FailureSummaryTests" name="test_summarize_failure_reason_treats_codex_usage_limit_as_quota" time="0.001" /><testcase classname=".orchestrator.test_common.GithubCliEnvTests" name="test_preserve_github_cli_auth_env_keeps_source_config_when_home_changes" time="0.002" /><testcase classname=".orchestrator.test_common.GithubCliEnvTests" name="test_preserve_github_cli_auth_env_respects_explicit_config_dir" time="0.001" /><testcase classname=".orchestrator.test_supervisor.TestConfigFixtureTests" name="test_explicit_override_is_honoured" time="0.005" /><testcase classname=".orchestrator.test_supervisor.TestConfigFixtureTests" name="test_fixture_roster_matches_committed_example" time="0.004" /><testcase classname=".orchestrator.test_supervisor.RuntimeConfigTests" name="test_dashboard_refresh_does_not_prepend_status_root_scripts" time="0.004" /><testcase classname=".orchestrator.test_supervisor.RuntimeConfigTests" name="test_example_config_has_no_legacy_capacity_model" time="0.003" /><testcase classname=".orchestrator.test_supervisor.RuntimeConfigTests" name="test_supervisor_pins_ai_status_to_immutable_runtime" time="0.001" /><testcase classname=".orchestrator.test_supervisor.RuntimeConfigTests" name="test_task_head_resolution_ignores_poisoned_ai_status_module" time="0.004" /><testcase classname=".orchestrator.test_supervisor.RuntimeConfigTests" name="test_test_config_coordination_paths_are_temporary_and_absolute" time="0.005" /><testcase classname=".orchestrator.test_supervisor.AccountPoolSchedulingTests" name="test_account_pool_runtime_state_and_concurrency_when_provider_auth_false" time="0.003" /><testcase classname=".orchestrator.test_supervisor.AccountPoolSchedulingTests" name="test_aliases_share_slots_quota_and_review_independence" time="0.003" /><testcase classname=".orchestrator.test_supervisor.AccountPoolSchedulingTests" name="test_quota_cooldown_recovers_through_one_canary_then_full_capacity" time="0.007" /><testcase classname=".orchestrator.test_supervisor.AccountPoolSchedulingTests" name="test_quota_failure_fences_sibling_slots_and_hands_off" time="0.003" /><testcase classname=".orchestrator.test_supervisor.DetectWorkerFailureTests" name="test_auth_failures_pause_provider_dispatch" time="0.002" /><testcase classname=".orchestrator.test_supervisor.DetectWorkerFailureTests" name="test_classifies_cloud_run_quota_exceeded_as_terminal_not_provider_quota" time="0.003" /><testcase classname=".orchestrator.test_supervisor.DetectWorkerFailureTests" name="test_classifies_codex_config_parse_failure_as_provider_config" time="0.001" /><testcase classname=".orchestrator.test_supervisor.DetectWorkerFailureTests" name="test_classifies_codex_usage_limit_failure_as_terminal_quota" time="0.003" /><testcase classname=".orchestrator.test_supervisor.DetectWorkerFailureTests" name="test_classifies_copilot_no_quota_failure_as_terminal" time="0.003" /><testcase classname=".orchestrator.test_supervisor.DetectWorkerFailureTests" name="test_classifies_gemini_terminal_quota_failure" time="0.002" /><testcase classname=".orchestrator.test_supervisor.DetectWorkerFailureTests" name="test_classifies_helper_free_tier_quota_failure_as_terminal" time="0.002" /><testcase classname=".orchestrator.test_supervisor.DetectWorkerFailureTests" name="test_clear_old_account_pause_preserves_new_account_cooldown" time="0.003" /><testcase classname=".orchestrator.test_supervisor.DetectWorkerFailureTests" name="test_clear_provider_dispatch_pause_isolates_other_providers_and_auth" time="0.003" /><testcase classname=".orchestrator.test_supervisor.DetectWorkerFailureTests" name="test_clear_provider_dispatch_pause_preserves_auth_failure_cooldown" time="0.004" /><testcase classname=".orchestrator.test_supervisor.DetectWorkerFailureTests" name="test_clear_provider_dispatch_pause_preserves_cooldown_when_no_matching_cleared_pause" time="0.003" /><testcase classname=".orchestrator.test_supervisor.DetectWorkerFailureTests" name="test_clear_provider_dispatch_pause_preserves_unrelated_newer_quota_cooldown" time="0.003" /><testcase classname=".orchestrator.test_supervisor.DetectWorkerFailureTests" name="test_clear_provider_dispatch_pause_recovers_same_epoch_account_pool_cooldown_to_canary" time="0.005" /><testcase classname=".orchestrator.test_supervisor.DetectWorkerFailureTests" name="test_clear_provider_dispatch_pause_removes_group_pause" time="0.004" /><testcase classname=".orchestrator.test_supervisor.DetectWorkerFailureTests" name="test_clear_provider_dispatch_pause_retains_disabled_pools" time="0.003" /><testcase classname=".orchestrator.test_supervisor.DetectWorkerFailureTests" name="test_cloud_run_api_quota_exceeded_in_source_or_diff_ignored" time="0.011" /><testcase classname=".orchestrator.test_supervisor.DetectWorkerFailureTests" name="test_codex_slot_pause_uses_shared_quota_group" time="0.005" /><testcase classname=".orchestrator.test_supervisor.DetectWorkerFailureTests" name="test_detects_codex_config_parse_failure_as_worker_failure" time="0.004" /><testcase classname=".orchestrator.test_supervisor.DetectWorkerFailureTests" name="test_detects_real_gemini_quota_failure" time="0.004" /><testcase classname=".orchestrator.test_supervisor.DetectWorkerFailureTests" name="test_detects_real_no_quota_line" time="0.004" /><testcase classname=".orchestrator.test_supervisor.DetectWorkerFailureTests" name="test_expire_provider_dispatch_pauses_clears_quota_pause_after_account_switch" time="0.003" /><testcase classname=".orchestrator.test_supervisor.DetectWorkerFailureTests" name="test_expire_provider_dispatch_pauses_removes_expired_entry" time="0.003" /><testcase classname=".orchestrator.test_supervisor.DetectWorkerFailureTests" name="test_ignores_activity_log_bullet_that_mentions_prior_quota_reassignment" time="0.005" /><testcase classname=".orchestrator.test_supervisor.DetectWorkerFailureTests" name="test_ignores_captured_queue_event_json_that_mentions_prior_quota_reassignment" time="0.005" /><testcase classname=".orchestrator.test_supervisor.DetectWorkerFailureTests" name="test_ignores_log_search_result_json_that_mentions_quota" time="0.005" /><testcase classname=".orchestrator.test_supervisor.DetectWorkerFailureTests" name="test_ignores_search_result_json_field_that_mentions_quota" time="0.007" /><testcase classname=".orchestrator.test_supervisor.DetectWorkerFailureTests" name="test_mark_provider_dispatch_paused_caps_codex_retry_hint_when_configured" time="0.004" /><testcase classname=".orchestrator.test_supervisor.DetectWorkerFailureTests" name="test_mark_provider_dispatch_paused_honors_codex_full_date_retry_at" time="0.004" /><testcase classname=".orchestrator.test_supervisor.DetectWorkerFailureTests" name="test_mark_provider_dispatch_paused_honors_codex_retry_at" time="0.004" /><testcase classname=".orchestrator.test_supervisor.DetectWorkerFailureTests" name="test_mark_provider_dispatch_paused_uses_default_when_no_hint" time="0.005" /><testcase classname=".orchestrator.test_supervisor.DetectWorkerFailureTests" name="test_missing_provider_cli_pauses_dispatch_without_rotating_models" time="0.004" /><testcase classname=".orchestrator.test_supervisor.DetectWorkerFailureTests" name="test_parse_quota_retry_hint_codex_full_date" time="0.002" /><testcase classname=".orchestrator.test_supervisor.DetectWorkerFailureTests" name="test_parse_quota_retry_hint_codex_pm" time="0.001" /><testcase classname=".orchestrator.test_supervisor.DetectWorkerFailureTests" name="test_parse_quota_retry_hint_honors_explicit_utc" time="0.001" /><testcase classname=".orchestrator.test_supervisor.DetectWorkerFailureTests" name="test_parse_quota_retry_hint_returns_none_when_absent" time="0.001" /><testcase classname=".orchestrator.test_supervisor.DetectWorkerFailureTests" name="test_parse_quota_retry_hint_rolls_to_next_day_when_past" time="0.001" /><testcase classname=".orchestrator.test_supervisor.DetectWorkerFailureTests" name="test_provider_config_failures_pause_provider_dispatch" time="0.001" /><testcase classname=".orchestrator.test_supervisor.DetectWorkerFailureTests" name="test_provider_unavailable_pause_seconds_has_a_default" time="0.001" /><testcase classname=".orchestrator.test_supervisor.DetectWorkerFailureTests" name="test_quota_on_the_same_provider_still_rotates" time="0.003" /><testcase classname=".orchestrator.test_supervisor.DetectWorkerFailureTests" name="test_tool_auth_failures_do_not_pause_provider_dispatch" time="0.001" /><testcase classname=".orchestrator.test_supervisor.ProcessQueueDispatchGuardTests" name="test_dispatcher_spreads_paused_review_to_registered_idle_reviewer" time="0.723" /><testcase classname=".orchestrator.test_supervisor.QuotaPlanningAndCoordinationPollOrderTests" name="test_exit_code_0_planning_and_coordination_workers_succeed" time="0.015" /><testcase classname=".orchestrator.test_supervisor.QuotaPlanningAndCoordinationPollOrderTests" name="test_exit_code_1_without_log_failure_does_not_succeed" time="0.014" /><testcase classname=".orchestrator.test_supervisor.QuotaPlanningAndCoordinationPollOrderTests" name="test_failed_quota_coordination_worker_with_exit_code_1_fences_account_pool_and_fails" time="0.018" /><testcase classname=".orchestrator.test_supervisor.QuotaPlanningAndCoordinationPollOrderTests" name="test_failed_quota_planning_worker_with_exit_code_1_fences_account_pool_and_fails" time="0.019" /><testcase classname=".orchestrator.test_supervisor.QuotaPlanningAndCoordinationPollOrderTests" name="test_only_structured_success_with_valid_outcome_short_circuits_failure_detection" time="0.012" /><testcase classname=".orchestrator.test_supervisor.QuotaPlanningAndCoordinationPollOrderTests" name="test_quota_failure_on_owner_task_worker_refences_a_recovering_pool" time="0.017" /><testcase classname=".orchestrator.test_supervisor.QuotaPlanningAndCoordinationPollOrderTests" name="test_signal_terminated_planning_and_coordination_workers_do_not_succeed" time="0.010" /><testcase classname=".orchestrator.test_supervisor.IsolatedWorktreePolicyTests" name="test_shipped_config_has_no_shared_checkout_fallback_switches" time="0.001" /><testcase classname=".orchestrator.test_supervisor.WorkerReassignmentTests" name="test_has_configured_reassignment_candidates" time="0.005" /><testcase classname=".orchestrator.test_supervisor.WorkerReassignmentTests" name="test_reassign_review_skips_paused_reviewer_candidates" time="0.015" /><testcase classname=".orchestrator.test_supervisor.WorkerReassignmentTests" name="test_review_churn_second_review_reopen_reassigns_owner_to_different_account_pool" time="0.017" /><testcase classname=".orchestrator.test_supervisor.WorkerOsDuplicateGuardTests" name="test_block_reason_uses_hyphenated_provider_key_for_codex_slot_config" time="0.005" /><testcase classname=".orchestrator.test_supervisor.RuntimeLeaseReconciliationTests" name="test_account_pool_cap_blocks_second_slot" time="0.006" /><testcase classname=".orchestrator.test_supervisor.RuntimeLeaseReconciliationTests" name="test_reconcile_runtime_uses_log_failure_for_missing_process_quota" time="0.017" /><testcase classname=".orchestrator.test_supervisor.RuntimeSettingsAreReachableFromConfigTests" name="test_every_default_these_readers_apply_is_declared_in_the_schema" time="0.002" /><testcase classname=".orchestrator.test_supervisor.RuntimeSettingsAreReachableFromConfigTests" name="test_review_churn_escalation_threshold_is_settable_and_disablable" time="0.002" /><testcase classname=".orchestrator.test_supervisor.RuntimeSettingsAreReachableFromConfigTests" name="test_worktree_housekeeping_is_settable" time="0.001" /><testcase classname=".orchestrator.test_supervisor.ShippedOwnerProviderPreferenceTests" name="test_every_preferred_provider_names_a_configured_lane" time="0.011" /><testcase classname=".orchestrator.test_supervisor.ResolvePollIntervalTests" name="test_cli_value_at_or_above_config_does_not_require_authorization" time="0.001" /><testcase classname=".orchestrator.test_supervisor.ResolvePollIntervalTests" name="test_cli_value_below_config_allowed_when_authorized" time="0.001" /><testcase classname=".orchestrator.test_supervisor.ResolvePollIntervalTests" name="test_cli_value_below_config_requires_allow_fast_poll" time="0.001" /><testcase classname=".orchestrator.test_supervisor.ResolvePollIntervalTests" name="test_default_uses_config_value" time="0.001" /><testcase classname=".orchestrator.test_supervisor.ResolvePollIntervalTests" name="test_missing_config_falls_back_to_default" time="0.001" /><testcase classname=".orchestrator.test_supervisor.SupervisorHeartbeatWarningSemanticsTests" name="test_main_clear_provider_pause_anchors_relative_paths_to_absolute_config_dir" time="0.113" /><testcase classname=".orchestrator.test_supervisor.SupervisorHeartbeatWarningSemanticsTests" name="test_resolve_heartbeat_warn_after_seconds_empty_config" time="0.001" /><testcase classname=".orchestrator.test_supervisor.SupervisorFailureLoopCoverageTests" name="test_dynamic_fallback_derivation_when_agent_missing_from_config" time="0.006" /><testcase classname=".orchestrator.test_supervisor.SupervisorFailureLoopCoverageTests" name="test_fail_closed_skips_paused_agents" time="0.095" /><testcase classname=".orchestrator.test_supervisor.SupervisorFailureLoopCoverageTests" name="test_full_agent_matrix_coverage_all_configured_agents" time="0.094" /><testcase classname=".orchestrator.test_supervisor.BlockedTaskRoleReassignmentTests" name="test_account_pool_exhausted_owner_is_reassigned" time="0.009" /><testcase classname=".orchestrator.test_supervisor.BlockedTaskRoleReassignmentTests" name="test_transient_quota_saturated_owner_is_not_reassigned" time="0.012" /><testcase classname=".orchestrator.test_supervisor.ClaudeResumeModelSelectionTests" name="test_resume_carries_configured_model_and_effort" time="0.004" /><testcase classname=".orchestrator.test_supervisor.QuotaClearAndCooldownRecoveryReviewTests" name="test_auth_identity_uses_inherited_codex_home_like_adapter" time="0.003" /><testcase classname=".orchestrator.test_supervisor.QuotaClearAndCooldownRecoveryReviewTests" name="test_canary_failure_cooldown_expiry_reassigns_single_canary_slot_without_deadlock" time="0.004" /><testcase classname=".orchestrator.test_supervisor.QuotaClearAndCooldownRecoveryReviewTests" name="test_different_failure_runs_in_same_second_remain_distinct" time="0.011" /><testcase classname=".orchestrator.test_supervisor.QuotaClearAndCooldownRecoveryReviewTests" name="test_distinct_auth_cooldown_is_preserved_control" time="0.003" /><testcase classname=".orchestrator.test_supervisor.QuotaClearAndCooldownRecoveryReviewTests" name="test_legacy_cooldown_same_worker_recovers_without_new_hash_field" time="0.003" /><testcase classname=".orchestrator.test_supervisor.QuotaClearAndCooldownRecoveryReviewTests" name="test_missing_auth_and_failure_epoch_must_not_authorize_recovery" time="0.003" /><testcase classname=".orchestrator.test_supervisor.QuotaClearAndCooldownRecoveryReviewTests" name="test_preclear_sibling_worker_success_cannot_certify_new_canary" time="0.004" /><testcase classname=".orchestrator.test_supervisor.QuotaClearAndCooldownRecoveryReviewTests" name="test_real_dispatched_worker_records_provenance_and_validates_canary_timing_and_auth" time="0.006" /><testcase classname=".orchestrator.test_supervisor.QuotaClearAndCooldownRecoveryReviewTests" name="test_retry_after_quota_pause_expiry_preserves_shared_auth_canary_budget" time="0.006" /><testcase classname=".orchestrator.test_supervisor.QuotaClearAndCooldownRecoveryReviewTests" name="test_rotated_auth_success_cannot_certify_previous_auth_siblings" time="0.006" /><testcase classname=".orchestrator.test_supervisor.QuotaClearAndCooldownRecoveryReviewTests" name="test_same_second_preclear_worker_cannot_certify_canary_recovery" time="0.005" /><testcase classname=".orchestrator.test_supervisor.QuotaClearAndCooldownRecoveryReviewTests" name="test_shared_auth_auth_failure_keeps_cooldown_after_other_pool_success" time="0.003" /><testcase classname=".orchestrator.test_supervisor.QuotaClearAndCooldownRecoveryReviewTests" name="test_shared_auth_newer_quota_epoch_keeps_cooldown" time="0.003" /><testcase classname=".orchestrator.test_supervisor.QuotaClearAndCooldownRecoveryReviewTests" name="test_shared_auth_other_healthy_pool_cannot_bypass_canary_cap" time="0.003" /><testcase classname=".orchestrator.test_supervisor.QuotaClearAndCooldownRecoveryReviewTests" name="test_shared_auth_pool_without_runtime_entry_respects_canary_budget" time="0.003" /><testcase classname=".orchestrator.test_supervisor.QuotaClearAndCooldownRecoveryReviewTests" name="test_successful_current_account_worker_restores_pool_after_auth_rotation" time="0.012" /></testsuite></testsuites>