<?xml version="1.0" encoding="utf-8"?><testsuites name="pytest tests"><testsuite name="pytest" errors="0" failures="0" skipped="0" tests="26" time="1.760" timestamp="2026-09-12T15:04:40.614234+00:00" hostname="oday-dev-box.c.alfaloop-data-project-2.internal"><testcase classname=".orchestrator.test_supervisor.SuccessfulWorkerPostconditionTests" name="test_boot_reconciliation_applies_same_no_progress_threshold" time="0.013" /><testcase classname=".orchestrator.test_supervisor.SuccessfulWorkerPostconditionTests" name="test_owner_ready_note_without_handoff_is_no_progress_even_with_new_head" time="0.004" /><testcase classname=".orchestrator.test_supervisor.SuccessfulWorkerPostconditionTests" name="test_owner_review_handoff_is_revoked_when_the_exit_seal_rejects_it" time="0.018" /><testcase classname=".orchestrator.test_supervisor.SuccessfulWorkerPostconditionTests" name="test_poll_accepts_new_head_as_incremental_progress_and_clears_failure_streak" time="0.017" /><testcase classname=".orchestrator.test_supervisor.SuccessfulWorkerPostconditionTests" name="test_poll_accepts_reviewer_reopen_as_durable_review_decision" time="0.022" /><testcase classname=".orchestrator.test_supervisor.SuccessfulWorkerPostconditionTests" name="test_poll_historical_terminal_run_never_recovers_pool" time="0.028" /><testcase classname=".orchestrator.test_supervisor.SuccessfulWorkerPostconditionTests" name="test_poll_never_recounts_historical_terminal_run_after_reopen" time="0.025" /><testcase classname=".orchestrator.test_supervisor.SuccessfulWorkerPostconditionTests" name="test_poll_owner_incremental_progress_recovers_recovering_pool" time="0.027" /><testcase classname=".orchestrator.test_supervisor.SuccessfulWorkerPostconditionTests" name="test_poll_owner_lifecycle_completion_recovers_only_its_own_pool" time="0.023" /><testcase classname=".orchestrator.test_supervisor.SuccessfulWorkerPostconditionTests" name="test_poll_reassigns_after_repeated_zero_exit_without_progress" time="0.019" /><testcase classname=".orchestrator.test_supervisor.SuccessfulWorkerPostconditionTests" name="test_poll_rejected_handoff_seal_leaves_pool_recovering" time="0.014" /><testcase classname=".orchestrator.test_supervisor.SuccessfulWorkerPostconditionTests" name="test_poll_reviewer_decision_recovers_the_reviewer_pool" time="0.012" /><testcase classname=".orchestrator.test_supervisor.SuccessfulWorkerPostconditionTests" name="test_poll_signal_terminated_worker_leaves_pool_recovering" time="0.010" /><testcase classname=".orchestrator.test_supervisor.SuccessfulWorkerPostconditionTests" name="test_poll_signal_termination_skips_log_without_marking_success" time="0.011" /><testcase classname=".orchestrator.test_supervisor.SuccessfulWorkerPostconditionTests" name="test_poll_zero_exit_without_progress_leaves_pool_recovering" time="0.017" /><testcase classname=".orchestrator.test_account_pool_admission" name="test_clear_during_adapter_delivery_cannot_relabel_preclear_worker" time="0.008" /><testcase classname=".orchestrator.test_account_pool_admission" name="test_dispatch_auth_snapshot_precedes_adapter_delivery" time="0.004" /><testcase classname=".orchestrator.test_account_pool_admission" name="test_canary_cannot_promote_sibling_recovery_created_after_dispatch" time="0.006" /></testsuite></testsuites>