<?xml version="1.0" encoding="utf-8"?><testsuites name="pytest tests"><testsuite name="pytest" errors="0" failures="0" skipped="0" tests="18" time="1.400" timestamp="2026-09-13T06:39:31.639767+00:00" hostname="oday-dev-box.c.alfaloop-data-project-2.internal"><testcase classname="quota-audit-after-clear.test_failure_epoch_after_clear" name="test_new_failure_after_clear_survives_retained_tombstone[forward-clock-control]" time="0.043" /><testcase classname="quota-audit-after-clear.test_failure_epoch_after_clear" name="test_new_failure_after_clear_survives_retained_tombstone[clock-back-after-formal-clear]" time="0.123" /><testcase classname="quota-audit-after-clear.test_failure_clock_floor_supported" name="test_clock_floor_scope_and_stale_save[matching-False]" time="0.058" /><testcase classname="quota-audit-after-clear.test_failure_clock_floor_supported" name="test_clock_floor_scope_and_stale_save[matching-True]" time="0.068" /><testcase classname="quota-audit-after-clear.test_failure_clock_floor_supported" name="test_clock_floor_scope_and_stale_save[other-auth-False]" time="0.061" /><testcase classname="quota-audit-after-clear.test_failure_clock_floor_supported" name="test_clock_floor_scope_and_stale_save[other-auth-True]" time="0.054" /><testcase classname="quota-audit-after-clear.test_failure_clock_floor_supported" name="test_clock_floor_scope_and_stale_save[other-provider-False]" time="0.043" /><testcase classname="quota-audit-after-clear.test_failure_clock_floor_supported" name="test_clock_floor_scope_and_stale_save[other-provider-True]" time="0.047" /><testcase classname="quota-audit-after-clear.test_failure_clock_floor_supported" name="test_clock_floor_scope_and_stale_save[runless-pause-False]" time="0.047" /><testcase classname="quota-audit-after-clear.test_failure_clock_floor_supported" name="test_clock_floor_scope_and_stale_save[runless-pause-True]" time="0.049" /><testcase classname="quota-audit-after-clear.test_failure_clock_floor_scope" name="test_clock_floor_scope_and_stale_save[matching-False]" time="0.051" /><testcase classname="quota-audit-after-clear.test_failure_clock_floor_scope" name="test_clock_floor_scope_and_stale_save[matching-True]" time="0.046" /><testcase classname="quota-audit-after-clear.test_failure_clock_floor_scope" name="test_clock_floor_scope_and_stale_save[other-auth-False]" time="0.054" /><testcase classname="quota-audit-after-clear.test_failure_clock_floor_scope" name="test_clock_floor_scope_and_stale_save[other-auth-True]" time="0.049" /><testcase classname="quota-audit-after-clear.test_failure_clock_floor_scope" name="test_clock_floor_scope_and_stale_save[other-provider-False]" time="0.048" /><testcase classname="quota-audit-after-clear.test_failure_clock_floor_scope" name="test_clock_floor_scope_and_stale_save[other-provider-True]" time="0.047" /><testcase classname="quota-audit-after-clear.test_failure_clock_floor_scope" name="test_clock_floor_scope_and_stale_save[blind-legacy-False]" time="0.049" /><testcase classname="quota-audit-after-clear.test_failure_clock_floor_scope" name="test_clock_floor_scope_and_stale_save[blind-legacy-True]" time="0.048" /></testsuite></testsuites>